Serial Port : /dev/ttyUSB0 
 /dev/ttyUSB0 port opened 
-- 
-S016D01F1T- 
ECG Port is : /dev/ttyUSB0 
ECG Port is : /dev/ttyUSB0 3 
ECG Port is : /dev/ttyUSB0 3 
 /dev/ttyUSB0 port opened 
-- 
-S020E0208T- 
-S014101EDT- 
-S014601C6T- 
-S019101CDT- 
-S01D301E2T- 
-S020701FBT- 
-S02240208T- 
-S02380215T- 
-S0238021AT- 
-S02270215T- 
-S02120212T- 
-S01F80205T- 
-S01E101FCT- 
-S01CE01F4T- 
-S01B601E7T- 
-S01A801E2T- 
-S01A401DBT- 
-S01AF01D9T- 
-S01CC01E2T- 
-S01E801E9T- 
-S020601F7T- 
-S021F0203T- 
-S022F020AT- 
-S02430215T- 
-S024E0219T- 
-S0255021ET- 
-S025A0224T- 
-S02530220T- 
-S02510223T- 
-S0248021FT- 
-S023F021BT- 
-S023A021BT- 
-S022F0214T- 
-S022A0214T- 
-S02240210T- 
-S021C0210T- 
-S021B0215T- 
-S02120210T- 
-S02100211T- 
-S020D0210T- 
-S0207020AT- 
-S0208020DT- 
-S02030208T- 
-S02010206T- 
-S02030207T- 
-S01FE0201T- 
-S01FF0203T- 
-S01FE0202T- 
-S01FB01FET- 
-S01FE0202T- 
-S01FB01FET- 
-S01FB01FET- 
-S01FD0200T- 
-S01F901FBT- 
-S01FB01FFT- 
-S01F101FCT- 
-S01DD01F5T- 
-S01CE01F3T- 
-S01B701E6T- 
-S01B001E1T- 
-S01BA01E0T- 
-S01CA01E0T- 
-S01E701EDT- 
-S01F901F3T- 
-S020901FBT- 
-S02120206T- 
-S018801F5T- 
-S012D01BFT- 
-S016901ADT- 
-S01B301BCT- 
-S01F101DAT- 
-S021801EET- 
-S023201FFT- 
-S023F020CT- 
-S0235020DT- 
-S0224020ET- 
-S020B0206T- 
-S01F001FBT- 
-S01DE01F6T- 
-S01C501EAT- 
-S01B101E3T- 
-S01A701DDT- 
-S01A601D6T- 
-S01BA01DCT- 
-S01D501E2T- 
-S01F301ECT- 
-S021101FCT- 
-S02240203T- 
-S0238020ET- 
-S02480216T- 
-S0251021AT- 
-S02590222T- 
-S02570222T- 
-S02540222T- 
-S02500222T- 
-S0245021CT- 
-S0240021DT- 
-S02380219T- 
-S022E0214T- 
-S022B0219T- 
-S02210215T- 
-S021D0217T- 
-S021A0216T- 
-S02120210T- 
-S02110212T- 
-S020B020DT- 
-S0208020AT- 
-S0209020BT- 
-S02030205T- 
-S02030207T- 
-S02020205T- 
-S01FE0201T- 
-S02010204T- 
-S01FD0200T- 
-S01FD0200T- 
-S01FE0202T- 
-S01FA01FCT- 
-S01FD0200T- 
-S01FB01FET- 
-S01F901FCT- 
-S01FC0200T- 
-S01EF01FAT- 
-S01DF01F8T- 
-S01CD01F2T- 
-S01B601E6T- 
-S01B201E3T- 
-S01B801DFT- 
-S01CB01E2T- 
-S01E701EDT- 
-S01F801F2T- 
-S020C01FDT- 
-S020D0200T- 
-S017D01ECT- 
-S012F01B9T- 
-S016C01AAT- 
-S01B801BFT- 
-S01F401DCT- 
-S021901EFT- 
-S02350204T- 
-S023D020DT- 
-S0234020FT- 
-S02240210T- 
-S02080205T- 
-S01F101FET- 
-S01DC01F6T- 
-S01C401EAT- 
-S01B201E5T- 
-S01A501DBT- 
-S01A701D8T- 
-S01BB01DDT- 
-S01D501E2T- 
-S01F601F0T- 
-S021101FCT- 
-S02250204T- 
-S02390211T- 
-S02470215T- 
-S0252021CT- 
-S02590222T- 
-S02560221T- 
-S02550224T- 
-S024E0221T- 
-S0245021DT- 
-S02410222T- 
-S0235021ET- 
-S0230021FT- 
-S022A021DT- 
-S02200217T- 
-S021E0218T- 
-S02160212T- 
-S0212020FT- 
-S020F020ET- 
-S02080208T- 
-S0209020BT- 
-S02050205T- 
-S02020204T- 
-S02040206T- 
-S01FE0200T- 
-S02000203T- 
-S01FE0200T- 
-S01FC01FET- 
-S01FF0202T- 
-S01FA01FCT- 
-S01FC01FFT- 
-S01FC01FET- 
-S01F901FBT- 
-S01FD0200T- 
-S01F401FBT- 
-S01E601FAT- 
-S01D501F5T- 
-S01BD01E9T- 
-S01B201E5T- 
-S01B301DFT- 
-S01C301E0T- 
-S01DD01EAT- 
-S01F001EBT- 
-S020301F2T- 
-S021501F9T- 
-S01CC01F7T- 
-S013301CFT- 
-S014D01AAT- 
-S019B01B6T- 
-S01DE01D3T- 
-S020A01E9T- 
-S022C01FFT- 
-S023C020CT- 
-S02390211T- 
-S022D0214T- 
-S0211020AT- 
-S01F90203T- 
-S01E301FAT- 
-S01CB01EET- 
-S01B901E9T- 
-S01A701DFT- 
-S01A401DAT- 
-S01B301DCT- 
-S01CA01DET- 
-S01EB01ECT- 
-S020801F8T- 
-S021D0201T- 
-S0233020ET- 
-S02410213T- 
-S024F021AT- 
-S02580221T- 
-S02560220T- 
-S02560224T- 
-S02500222T- 
-S02480223T- 
-S02440228T- 
-S02390221T- 
-S02330221T- 
-S022C021ET- 
-S02220217T- 
-S02200218T- 
-S02180212T- 
-S0213020FT- 
-S02120210T- 
-S020B0209T- 
-S020A020AT- 
-S02070207T- 
-S02030203T- 
-S02050206T- 
-S02000201T- 
-S02000202T- 
-S02000202T- 
-S01FC01FDT- 
-S01FE0201T- 
-S01FC01FET- 
-S01FA01FDT- 
-S01FD0201T- 
-S01F901FBT- 
-S01FB01FET- 
-S01FB01FET- 
-S01F301FAT- 
-S01E601FBT- 
-S01D001F2T- 
-S01BD01EAT- 
-S01B201E5T- 
-S01B301DDT- 
-S01C601DDT- 
-S01DD01E1T- 
-S01F201E7T- 
-S020701F3T- 
-S021401F8T- 
-S01BE01F8T- 
-S012F01CBT- 
-S015201ABT- 
-S01A201BCT- 
-S01E101D5T- 
-S020E01EDT- 
-S022F0203T- 
-S023B020CT- 
-S023A0214T- 
-S022A0213T- 
-S020F020AT- 
-S01F90205T- 
-S01E101F9T- 
-S01CC01F0T- 
-S01B801EAT- 
-S01A501DET- 
-S01A601DCT- 
-S01B201DBT- 
-S01CE01E1T- 
-S01F101EFT- 
-S020A01F8T- 
-S02220205T- 
-S0235020ET- 
-S02430213T- 
-S0252021DT- 
-S02560220T- 
-S02570226T- 
-S0257022DT- 
-S024D0228T- 
-S0249022AT- 
-S02410226T- 
-S02360220T- 
-S02330221T- 
-S02280219T- 
-S02230217T- 
-S021F0215T- 
-S0216020ET- 
-S0215020FT- 
-S020F020BT- 
-S020B0207T- 
-S020B0209T- 
-S02050203T- 
-S02050204T- 
-S02040204T- 
-S01FF01FFT- 
-S02020203T- 
-S01FE01FFT- 
-S01FD01FFT- 
-S01FF0201T- 
-S01FA01FCT- 
-S01FD0200T- 
-S01FB01FET- 
-S01F901FCT- 
-S01FD0200T- 
-S01F801FBT- 
-S01F101FDT- 
-S01DF01F8T- 
-S01C801EET- 
-S01B801E5T- 
-S01AF01D8T- 
-S01BA01D7T- 
-S01D101DCT- 
-S01E601E2T- 
-S01FD01EFT- 
-S020D01F5T- 
-S020401FDT- 
-S016C01EDT- 
-S013101B6T- 
-S017701B2T- 
-S01C101C9T- 
-S01F601E1T- 
-S022001FBT- 
-S02350208T- 
-S023C0212T- 
-S02350216T- 
-S021D020FT- 
-S0206020AT- 
-S01EE01FFT- 
-S01D601F5T- 
-S01C401EFT- 
-S01AD01E3T- 
-S01A501DDT- 
-S01AA01DCT- 
-S01BB01DBT- 
-S01DC01E7T- 
-S01F901F1T- 
-S021201FCT- 
-S022A020AT- 
-S0238020FT- 
-S02490218T- 
-S02540222T- 
-S02560226T- 
-S025A022ET- 
-S0253022BT- 
-S024D022AT- 
-S0248022AT- 
-S023C0222T- 
-S02370221T- 
-S022F021CT- 
-S02260216T- 
-S02230217T- 
-S021A0210T- 
-S0216020FT- 
-S0214020ET- 
-S020C0207T- 
-S020D020AT- 
-S02080205T- 
-S02050203T- 
-S02060206T- 
-S02000200T- 
-S02010202T- 
-S02000201T- 
-S01FC01FDT- 
-S01FF0201T- 
-S01FC01FDT- 
-S01FB01FET- 
-S01FD0200T- 
-S01F901FBT- 
-S01FC01FFT- 
-S01FB01FDT- 
-S01F701FBT- 
-S01F101FET- 
-S01DB01F1T- 
-S01C701E8T- 
-S01B601DFT- 
-S01AE01D5T- 
-S01BC01D8T- 
-S01D001DBT- 
-S01E701E4T- 
-S01FE01F1T- 
-S020C01F6T- 
-S02040200T- 
-S016001EAT- 
-S013401B5T- 
-S017E01B6T- 
-S01C501CBT- 
-S01FC01E7T- 
-S022301FET- 
-S0236020AT- 
-S023E0216T- 
-S02310215T- 
-S021A0210T- 
-S0204020AT- 
-S01E901FCT- 
-S01D501F6T- 
-S01BF01EDT- 
-S01AA01E2T- 
-S01A601DET- 
-S01AB01DAT- 
-S01C201DET- 
-S01E201EAT- 
-S01FD01F2T- 
-S02190201T- 
-S022C020DT- 
-S023D0218T- 
-S024F0225T- 
-S02540226T- 
-S0259022DT- 
-S0257022CT- 
-S024F0228T- 
-S024D022AT- 
-S02420222T- 
-S023A0220T- 
-S0235021ET- 
-S022A0216T- 
-S02260217T- 
-S021F0211T- 
-S0218020DT- 
-S0217020ET- 
-S020F0207T- 
-S020E0208T- 
-S020B0207T- 
-S02050202T- 
-S02070206T- 
-S02020201T- 
-S02010201T- 
-S02020202T- 
-S01FD01FDT- 
-S01FF0201T- 
-S01FC01FDT- 
-S01FC01FFT- 
-S01FD01FFT- 
-S01F901FBT- 
-S01FD0200T- 
-S01FA01FCT- 
-S01F801F8T- 
-S01F201F6T- 
-S01DC01ECT- 
-S01CB01E8T- 
-S01B801DFT- 
-S01AE01D7T- 
-S01BB01DAT- 
-S01CD01DBT- 
-S01E701E7T- 
-S01FD01F2T- 
-S020C01F8T- 
-S02020203T- 
-S015901E8T- 
-S013801B7T- 
-S018401B7T- 
-S01CB01CDT- 
-S020301ECT- 
-S022501FFT- 
-S0239020ET- 
-S023D0217T- 
-S022C0214T- 
-S02170211T- 
-S01FD0206T- 
-S01E401FCT- 
-S01D201F5T- 
-S01B901E9T- 
-S01AA01E3T- 
-S01A601DDT- 
-S01AD01D9T- 
-S01C901E2T- 
-S01E601E9T- 
-S020401F6T- 
-S021E0207T- 
-S022E0210T- 
-S0242021ET- 
-S024F0224T- 
-S02540227T- 
-S025A022ET- 
-S02540229T- 
-S0251022AT- 
-S024B0227T- 
-S02400220T- 
-S023B0221T- 
-S0231021AT- 
-S022A0216T- 
-S02260216T- 
-S021C020ET- 
-S021A020FT- 
-S0214020CT- 
-S020E0207T- 
-S020F020AT- 
-S02080204T- 
-S02070204T- 
-S02060204T- 
-S020101FFT- 
-S02030203T- 
-S01FF01FFT- 
-S01FE01FET- 
-S02000202T- 
-S01FB01FCT- 
-S01FD0200T- 
-S01FC01FET- 
-S01FA01FCT- 
-S01FD0200T- 
-S01F901F7T- 
-S01FA01F5T- 
-S01F401F4T- 
-S01E001EDT- 
-S01D001EAT- 
-S01BB01E1T- 
-S01AF01DAT- 
-S01B801DBT- 
-S01C801DBT- 
-S01E201E6T- 
-S01F801EFT- 
-S020601F6T- 
-S02150202T- 
-S019D01F8T- 
-S012C01C6T- 
-S016301B3T- 
-S01AE01C2T- 
-S01ED01E1T- 
-S021601F6T- 
-S02300207T- 
-S023F0215T- 
-S02350215T- 
-S02240214T- 
-S020C020DT- 
-S01F00201T- 
-S01DE01FAT- 
-S01C601EFT- 
-S01B101E6T- 
-S01A701E0T- 
-S01A601D9T- 
-S01BA01DET- 
-S01D601E8T- 
-S01F401F6T- 
-S02120208T- 
-S0224020ET- 
-S0238021AT- 
-S02490220T- 
-S02500223T- 
-S0259022BT- 
-S02560228T- 
-S02520228T- 
-S024F0228T- 
-S02440221T- 
-S023F0221T- 
-S0236021BT- 
-S022D0216T- 
-S022A0217T- 
-S0220020FT- 
-S021C020FT- 
-S0218020DT- 
-S02100207T- 
-S0210020AT- 
-S020A0205T- 
-S02070204T- 
-S02080206T- 
-S02020200T- 
-S02030203T- 
-S02010201T- 
-S01FE01FET- 
-S02010202T- 
-S01FC01FDT- 
-S01FD01FFT- 
-S01FD01FFT- 
-S01F901F7T- 
-S01FC01F7T- 
-S01FA01F3T- 
-S01FA01F3T- 
-S01FA01F5T- 
-S01EB01F0T- 
-S01DA01EFT- 
-S01C601E7T- 
-S01B201DET- 
-S01B301DDT- 
-S01BD01DBT- 
-S01D401E2T- 
-S01EE01EDT- 
-S01FE01F3T- 
-S021201FFT- 
-S01F20203T- 
-S014801E3T- 
-S013E01B8T- 
-S018601B7T- 
-S01CF01D2T- 
-S020301ECT- 
-S022401FET- 
-S023B0210T- 
-S023B0214T- 
-S022E0216T- 
-S02170211T- 
-S01FA0205T- 
-S01E601FET- 
-S01CE01F2T- 
-S01B801EAT- 
-S01A901E2T- 
-S01A401DAT- 
-S01B801E4T- 
-S01D201EAT- 
-S01F301F9T- 
-S02100207T- 
-S0223020DT- 
-S0238021AT- 
-S0246021DT- 
-S02510223T- 
-S0259022AT- 
-S02550226T- 
-S02540229T- 
-S024E0226T- 
-S02440220T- 
-S02400221T- 
-S02350219T- 
-S022F0218T- 
-S022A0216T- 
-S0220020FT- 
-S021E0210T- 
-S0217020BT- 
-S02110208T- 
-S0211020AT- 
-S020A0204T- 
-S02090205T- 
-S02070204T- 
-S02020200T- 
-S02040204T- 
-S020001FFT- 
-S01FF01FFT- 
-S02000201T- 
-S01FB01FCT- 
-S01FE0200T- 
-S01FC01F9T- 
-S01FA01F4T- 
-S01FC01F6T- 
-S01F901F2T- 
-S01FA01F4T- 
-S01FA01F5T- 
-S01EC01F2T- 
-S01DD01F1T- 
-S01C701E8T- 
-S01B401E1T- 
-S01B201DET- 
-S01BB01DBT- 
-S01D301E3T- 
-S01EB01EBT- 
-S01FC01F4T- 
-S02170201T- 
-S01C501FFT- 
-S013001D3T- 
-S015301B2T- 
-S01A101C0T- 
-S01E301DDT- 
-S020E01F1T- 
-S022E0207T- 
-S023C0212T- 
-S02380215T- 
-S022A0217T- 
-S020E020CT- 
-S01F70205T- 
-S01E101FCT- 
-S01C901EFT- 
-S01B701EAT- 
-S01A601E3T- 
-S01A601E2T- 
-S01B601E7T- 
-S01CE01EAT- 
-S01F001F8T- 
-S020B0203T- 
-S0220020AT- 
-S02360217T- 
-S0242021AT- 
-S02500221T- 
-S02580227T- 
-S02550224T- 
-S02560228T- 
-S024E0224T- 
-S02460220T- 
-S02420221T- 
-S02360219T- 
-S02310218T- 
-S022A0215T- 
-S0221020FT- 
-S021F0211T- 
-S0216020AT- 
-S02130209T- 
-S02110209T- 
-S020A0203T- 
-S020A0206T- 
-S02060203T- 
-S02030201T- 
-S02050204T- 
-S01FF01FET- 
-S02000200T- 
-S02000200T- 
-S01FB01F8T- 
-S01FE01F8T- 
-S01FB01F4T- 
-S01FB01F4T- 
-S01FD01F6T- 
-S01F901F3T- 
-S01FC01F7T- 
-S01FA01F6T- 
-S01F001F5T- 
-S01E001F4T- 
-S01C901EAT- 
-S01B801E5T- 
-S01B101DFT- 
-S01B801DBT- 
-S01D001E4T- 
-S01E601EAT- 
-S01FB01F4T- 
-S020D01FET- 
-S02070202T- 
-S017201F4T- 
-S013101BET- 
-S017301B4T- 
-S01C001CDT- 
-S01F601E5T- 
-S021E01FCT- 
-S0237020DT- 
-S023B0213T- 
-S02350219T- 
-S021E0212T- 
-S02040209T- 
-S01EF0202T- 
-S01D501F5T- 
-S01C301F4T- 
-S01AE01EDT- 
-S01A301E4T- 
-S01AC01E7T- 
-S01BD01E5T- 
-S01DD01F0T- 
-S01FE01FCT- 
-S02140204T- 
-S022D0212T- 
-S023C0216T- 
-S024B021DT- 
-S02560224T- 
-S02550223T- 
-S02570228T- 
-S02500224T- 
-S02490221T- 
-S02440221T- 
-S02380219T- 
-S0233021AT- 
-S022B0214T- 
-S02230210T- 
-S02200211T- 
-S0217020AT- 
-S0215020AT- 
-S02110209T- 
-S020A0204T- 
-S020B0207T- 
-S02060202T- 
-S02040202T- 
-S02050204T- 
-S01FF01FET- 
-S02010201T- 
-S01FF01FBT- 
-S01FC01F6T- 
-S01FE01F7T- 
-S01FB01F3T- 
-S01FC01F5T- 
-S01FC01F6T- 
-S01F901F4T- 
-S01FC01F8T- 
-S01FA01F6T- 
-S01F201F7T- 
-S01E301F5T- 
-S01CC01ECT- 
-S01BB01E7T- 
-S01B001E0T- 
-S01B601DCT- 
-S01CC01E4T- 
-S01E201E8T- 
-S01F801F3T- 
-S020A01FDT- 
-S020F0202T- 
-S019201FBT- 
-S012C01C4T- 
-S016601B3T- 
-S01B501C9T- 
-S01EE01E0T- 
-S021901FAT- 
-S0233020AT- 
-S023C0212T- 
-S02380219T- 
-S02210213T- 
-S0209020CT- 
-S01F20207T- 
-S01D901FDT- 
-S01C701FBT- 
-S01B001EFT- 
-S01A401E7T- 
-S01AA01E6T- 
-S01B801E2T- 
-S01D801EDT- 
-S01F701F7T- 
-S020F0200T- 
-S0229020ET- 
-S02370212T- 
-S0248021AT- 
-S02540222T- 
-S02550221T- 
-S02580227T- 
-S02530224T- 
-S024B0221T- 
-S02470222T- 
-S023C021AT- 
-S0236021AT- 
-S022F0216T- 
-S02250210T- 
-S02230212T- 
-S021A020BT- 
-S0216020AT- 
-S0214020BT- 
-S020C0204T- 
-S020C0207T- 
-S02080204T- 
-S02040201T- 
-S02060204T- 
-S020001FBT- 
-S020101F9T- 
-S020001F7T- 
-S01FC01F4T- 
-S01FF01F7T- 
-S01FC01F5T- 
-S01FC01F6T- 
-S01FD01F8T- 
-S01FA01F5T- 
-S01FC01F9T- 
-S01FB01F8T- 
-S01F701F8T- 
-S01EE01FAT- 
-S01D801F1T- 
-S01C501ECT- 
-S01B401E5T- 
-S01B001DDT- 
-S01C001E1T- 
-S01D501E4T- 
-S01EC01EET- 
-S020201F9T- 
-S021001FDT- 
-S01EE0206T- 
-S014401E4T- 
-S013E01B5T- 
-S018C01BCT- 
-S01CF01D2T- 
-S020301EDT- 
-S02270202T- 
-S0238020DT- 
-S023D0218T- 
-S022E0216T- 
-S02170215T- 
-S02010212T- 
-S01E50204T- 
-S01D301FFT- 
-S01BC01F5T- 
-S01A801E9T- 
-S01A701E6T- 
-S01AD01E0T- 
-S01C701E6T- 
-S01E701F1T- 
-S020101F8T- 
-S021D0208T- 
-S022F020ET- 
-S023F0215T- 
-S0250021FT- 
-S0254021FT- 
-S02590225T- 
-S02560225T- 
-S024E0221T- 
-S024B0223T- 
-S0241021CT- 
-S023A021BT- 
-S02330219T- 
-S02280212T- 
-S02260213T- 
-S021D020DT- 
-S0218020BT- 
-S0215020BT- 
-S020D0205T- 
-S020E0208T- 
-S02080203T- 
-S02050202T- 
-S020501FFT- 
-S020001F8T- 
-S020101F9T- 
-S01FF01F7T- 
-S01FD01F5T- 
-S01FF01F8T- 
-S01FC01F5T- 
-S01FC01F8T- 
-S01FD01F9T- 
-S01FA01F7T- 
-S01FD01FBT- 
-S01FB01F9T- 
-S01F901F9T- 
-S01F101FBT- 
-S01DB01F3T- 
-S01CA01EFT- 
-S01B701E6T- 
-S01AF01DET- 
-S01BC01E1T- 
-S01CF01E2T- 
-S01E801EDT- 
-S01FD01F7T- 
-S020B01FCT- 
-S02030207T- 
-S016001EET- 
-S013501BBT- 
-S017E01B9T- 
-S01C401CDT- 
-S01FD01EAT- 
-S022201FFT- 
-S0236020BT- 
-S023E021BT- 
-S0230021CT- 
-S021C021BT- 
-S02040214T- 
-S01E80206T- 
-S01D60200T- 
-S01BE01F4T- 
-S01AA01E9T- 
-S01A601E5T- 
-S01A901DDT- 
-S01C201E4T- 
-S01E101ECT- 
-S01FD01F5T- 
-S02190205T- 
-S022B020AT- 
-S023C0214T- 
-S024D021CT- 
-S0252021DT- 
-S02590225T- 
-S02560224T- 
-S02500222T- 
-S024D0223T- 
-S0241021CT- 
-S023C021CT- 
-S02340218T- 
-S022A0212T- 
-S02270214T- 
-S021E020DT- 
-S0219020CT- 
-S0217020CT- 
-S020F0205T- 
-S020F0208T- 
-S020A0200T- 
-S020601FBT- 
-S020601FBT- 
-S020201F6T- 
-S020201F8T- 
-S020101F8T- 
-S01FD01F6T- 
-S020001FAT- 
-S01FD01F8T- 
-S01FC01F8T- 
-S01FE01FBT- 
-S01FA01F8T- 
-S01FC01FCT- 
-S01DA01E7T- 
-S01F401F3T- 
-S020201F8T- 
-S02150203T- 
-S01CD0203T- 
-S012F01D4T- 
-S014F01B6T- 
-S019B01BET- 
-S01DD01DAT- 
-S020D01F4T- 
-S02290203T- 
-S023C0213T- 
-S02390217T- 
-S02280215T- 
-S02120211T- 
-S01F70204T- 
-S01E201FCT- 
-S01CD01F3T- 
-S01B501E7T- 
-S01A901E7T- 
-S01A401E1T- 
-S01B301E5T- 
-S01D001EET- 
-S01EB01F4T- 
-S020B0204T- 
-S0221020CT- 
-S02320213T- 
-S0246021ET- 
-S024E021FT- 
-S02570226T- 
-S02580228T- 
-S02530224T- 
-S02510227T- 
-S02470221T- 
-S0240021ET- 
-S023A021DT- 
-S022E0215T- 
-S022B0216T- 
-S02230211T- 
-S021B020DT- 
-S021A020ET- 
-S02120207T- 
-S02100208T- 
-S020D0207T- 
-S02070202T- 
-S02080206T- 
-S02030201T- 
-S02020201T- 
-S02020202T- 
-S01FD01FDT- 
-S02000202T- 
-S01FC01F9T- 
-S01FC01F6T- 
-S01FD01F6T- 
-S01FA01F2T- 
-S01FD01F6T- 
-S01FA01F4T- 
-S01FA01F6T- 
-S01F801F8T- 
-S01E601F2T- 
-S01D501F0T- 
-S01C001E8T- 
-S01B001E0T- 
-S01B501DFT- 
-S01C201DDT- 
-S01DC01E7T- 
-S01F301F0T- 
-S020201F7T- 
-S02170202T- 
-S01C60200T- 
-S012F01D3T- 
-S015201B4T- 
-S019D01BDT- 
-S01E101DBT- 
-S020E01F2T- 
-S022C0204T- 
-S023E0213T- 
-S02380215T- 
-S022A0216T- 
-S0211020FT- 
-S01F60203T- 
-S01E201FDT- 
-S01CB01F4T- 
-S01B601F0T- 
-S01A901EBT- 
-S01A401E2T- 
-S01B501E7T- 
-S01CF01EAT- 
-S01EC01F4T- 
-S020C0203T- 
-S021F0208T- 
-S02340214T- 
-S0244021AT- 
-S024E021DT- 
-S02580226T- 
-S02560224T- 
-S02540225T- 
-S02500225T- 
-S0245021ET- 
-S0241021FT- 
-S0238021AT- 
-S022F0215T- 
-S022B0216T- 
-S0221020FT- 
-S021D020FT- 
-S0219020CT- 
-S02110207T- 
-S0211020AT- 
-S020B0204T- 
-S02080204T- 
-S02080205T- 
-S020201FFT- 
-S02040203T- 
-S02010200T- 
-S01FE01FAT- 
-S020001FAT- 
-S01FC01F4T- 
-S01FD01F6T- 
-S01FD01F6T- 
-S01FA01F4T- 
-S01FD01F8T- 
-S01FA01F5T- 
-S01FA01F7T- 
-S01FB01FAT- 
-S01EE01F5T- 
-S01DE01F4T- 
-S01C901ECT- 
-S01B501E4T- 
-S01B201E1T- 
-S01BA01DDT- 
-S01D001E4T- 
-S01E901EDT- 
-S01FB01F3T- 
-S020E01FFT- 
-S02040204T- 
-S016601F0T- 
-S013401BET- 
-S017701B4T- 
-S01C301CET- 
-S01F901E7T- 
-S021E01FBT- 
-S0238020ET- 
-S023C0214T- 
-S02330217T- 
-S021E0213T- 
-S02020208T- 
-S01EE0206T- 
-S01D601FDT- 
-S01C001F5T- 
-S01AF01F0T- 
-S01A301E4T- 
-S01AB01E5T- 
-S01C001E6T- 
-S01DC01ECT- 
-S01FE01FCT- 
-S02150203T- 
-S022A020ET- 
-S023D0217T- 
-S02490219T- 
-S02560223T- 
-S02570224T- 
-S02550224T- 
-S02540227T- 
-S024A0220T- 
-S02440220T- 
-S023C021CT- 
-S02320216T- 
-S022F0218T- 
-S02250211T- 
-S021F020FT- 
-S021C020FT- 
-S02130208T- 
-S0213020AT- 
-S020D0206T- 
-S02090204T- 
-S020A0206T- 
-S02040200T- 
-S02040202T- 
-S020201FDT- 
-S01FE01F7T- 
-S020001F8T- 
-S01FD01F4T- 
-S01FD01F5T- 
-S01FE01F7T- 
-S01FA01F4T- 
-S01FD01F8T- 
-S01FC01F7T- 
-S01FA01F7T- 
-S01FC01FBT- 
-S01F401F7T- 
-S01E601F7T- 
-S01D101F0T- 
-S01BB01E7T- 
-S01B201E3T- 
-S01B401DDT- 
-S01CA01E2T- 
-S01E201EAT- 
-S01F801F3T- 
-S020D01FFT- 
-S02090203T- 
-S017401F4T- 
-S013101BFT- 
-S017101B4T- 
-S01BF01CDT- 
-S01F501E5T- 
-S021D01FCT- 
-S0237020DT- 
-S023B0213T- 
-S02340218T- 
-S021E0216T- 
-S02040211T- 
-S01F0020CT- 
-S01D601FET- 
-S01C201F8T- 
-S01AE01EET- 
-S01A201E3T- 
-S01AC01E4T- 
-S01BE01E2T- 
-S01DD01ECT- 
-S01FD01F9T- 
-S02130200T- 
-S022B020ET- 
-S023B0214T- 
-S02480219T- 
-S02560222T- 
-S02560221T- 
-S02570225T- 
-S02530224T- 
-S0249021FT- 
-S02460221T- 
-S023B021AT- 
-S02340218T- 
-S022F0217T- 
-S02240210T- 
-S02210211T- 
-S021B020DT- 
-S02140209T- 
-S0213020BT- 
-S020C0204T- 
-S020B0205T- 
-S02090205T- 
-S020301FCT- 
-S020401FCT- 
-S020101F7T- 
-S01FF01F6T- 
-S020101F8T- 
-S01FD01F5T- 
-S01FE01F8T- 
-S01FD01F7T- 
-S01FB01F6T- 
-S01FD01FBT- 
-S01FA01F8T- 
-S01FB01FAT- 
-S01FC01FBT- 
-S01F501F8T- 
-S01EA01FAT- 
-S01D501F2T- 
-S01C001EAT- 
-S01B301E5T- 
-S01B101DDT- 
-S01C201E1T- 
-S01DA01E7T- 
-S01EF01EFT- 
-S020401FBT- 
-S021401FFT- 
-S01D60203T- 
-S013601DAT- 
-S014801B3T- 
-S019901BFT- 
-S01DA01D7T- 
-S020901F0T- 
-S022C0206T- 
-S023A020FT- 
-S023B021CT- 
-S022C021ET- 
-S02110216T- 
-S01FC0212T- 
-S01E20204T- 
-S01CD01FBT- 
-S01BA01F3T- 
-S01A601E5T- 
-S01A601E3T- 
-S01B101E0T- 
-S01CA01E4T- 
-S01EC01F2T- 
-S020501F9T- 
-S021F0206T- 
-S02320210T- 
-S02400214T- 
-S0251021FT- 
-S02550220T- 
-S02570223T- 
-S02570226T- 
-S024E0220T- 
-S024A0222T- 
-S0241021DT- 
-S02370218T- 
-S0233021AT- 
-S02290212T- 
-S02240211T- 
-S021F0210T- 
-S02160209T- 
-S0216020CT- 
-S020F0207T- 
-S020B0205T- 
-S020B0202T- 
-S020501FAT- 
-S020501FAT- 
-S020301F8T- 
-S01FF01F6T- 
-S020201FAT- 
-S01FE01F6T- 
-S01FE01F8T- 
-S01FF01FAT- 
-S01FB01F7T- 
-S01FD01FBT- 
-S01FB01F9T- 
-S01FA01F9T- 
-S01FD01FCT- 
-S01F901F9T- 
-S01F301FBT- 
-S01E201F7T- 
-S01CC01EET- 
-S01BB01EBT- 
-S01AF01E0T- 
-S01B701DFT- 
-S01CC01E4T- 
-S01E101E9T- 
-S01FA01F6T- 
-S020B01FDT- 
-S02060205T- 
-S016901F2T- 
-S013201BAT- 
-S017E01B9T- 
-S01C701CFT- 
-S01FE01EAT- 
-S02250205T- 
-S02380213T- 
-S023E0221T- 
-S022B021ET- 
-S02120218T- 
-S01FB0210T- 
-S01E00201T- 
-S01CE01FBT- 
-S01B701EET- 
-S01A601E4T- 
-S01A701E2T- 
-S01B001DCT- 
-S01CD01E5T- 
-S01EC01EFT- 
-S020601F8T- 
-S02210208T- 
-S0231020DT- 
-S02420215T- 
-S0252021ET- 
-S0254021ET- 
-S02590225T- 
-S02540223T- 
-S024E0220T- 
-S024A0222T- 
-S023E021AT- 
-S0239021AT- 
-S02310217T- 
-S02270211T- 
-S02250213T- 
-S021C020CT- 
-S0217020BT- 
-S0215020BT- 
-S020D0201T- 
-S020C01FFT- 
-S020801FBT- 
-S020501F8T- 
-S020601FBT- 
-S020101F7T- 
-S020101F9T- 
-S020101FAT- 
-S01FD01F8T- 
-S01FF01FCT- 
-S01FD01F9T- 
-S01FC01FAT- 
-S01FE01FDT- 
-S01FA01F9T- 
-S01FC01FDT- 
-S01FB01FCT- 
-S01F801FAT- 
-S01F301FDT- 
-S01DE01F5T- 
-S01CB01F0T- 
-S01B801E9T- 
-S01AE01DFT- 
-S01BB01E1T- 
-S01CD01E3T- 
-S01E601ECT- 
-S01FC01F7T- 
-S020A01FCT- 
-S020A0206T- 
-S017301F4T- 
-S012F01BDT- 
-S017601B8T- 
-S01BD01CAT- 
-S01F701EBT- 
-S021F0205T- 
-S02340212T- 
-S023F0220T- 
-S0233021FT- 
-S021D021AT- 
-S02070214T- 
-S01EB0205T- 
-S01D801FET- 
-S01C201F3T- 
-S01AB01E7T- 
-S01A601E4T- 
-S01A801DCT- 
-S01BE01E1T- 
-S01DE01EBT- 
-S01F901F2T- 
-S02170202T- 
-S022A0209T- 
-S023A0211T- 
-S024C021BT- 
-S0252021CT- 
-S02580223T- 
-S02570224T- 
-S02500221T- 
-S024E0223T- 
-S0243021DT- 
-S023C021BT- 
-S02360219T- 
-S022B0212T- 
-S02280214T- 
-S0220020ET- 
-S0219020BT- 
-S02170207T- 
-S021001FFT- 
-S020E01FET- 
-S020B01FCT- 
-S020601F9T- 
-S020701FCT- 
-S020301F9T- 
-S020201FAT- 
-S020201FBT- 
-S01FE01F8T- 
-S01FF01FCT- 
-S01FD01FBT- 
-S01FC01FAT- 
-S01FE01FDT- 
-S01FA01FAT- 
-S01FC01FDT- 
-S01FB01FCT- 
-S01F901FAT- 
-S01F801FET- 
-S01E701F8T- 
-S01D401F3T- 
-S01C101EDT- 
-S01AF01E2T- 
-S01B401E1T- 
-S01C401E1T- 
-S01DA01E7T- 
-S01F401F4T- 
-S020201F9T- 
-S02160203T- 
-S01CF0204T- 
-S013001D5T- 
-S014F01BAT- 
-S019C01C5T- 
-S01DE01E3T- 
-S020F01FET- 
-S022A020CT- 
-S023D021CT- 
-S0239021FT- 
-S0228021BT- 
-S02130218T- 
-S01F60208T- 
-S01E10200T- 
-S01CB01F6T- 
-S01B201E9T- 
-S01A801E5T- 
-S01A501DBT- 
-S01B701DET- 
-S01D501E6T- 
-S01F201EET- 
-S02150200T- 
-S02270206T- 
-S023B0212T- 
-S024B0219T- 
-S0252021CT- 
-S025A0224T- 
-S02560222T- 
-S02520222T- 
-S024E0223T- 
-S0242021BT- 
-S023E021DT- 
-S02350217T- 
-S022C0213T- 
-S02290214T- 
-S021F0209T- 
-S021A0205T- 
-S02160202T- 
-S020F01FDT- 
-S020F01FFT- 
-S020A01FBT- 
-S020701FCT- 
-S020701FDT- 
-S020201FAT- 
-S020301FDT- 
-S020101FCT- 
-S01FE01FBT- 
-S020001FET- 
-S01FC01FAT- 
-S01FD01FCT- 
-S01FD01FDT- 
-S01FA01FAT- 
-S01FD01FET- 
-S01FA01FCT- 
-S01FA01FCT- 
-S01F801FET- 
-S01E701F8T- 
-S01D601F5T- 
-S01C201EDT- 
-S01B001E3T- 
-S01B401E2T- 
-S01C101E0T- 
-S01DA01E8T- 
-S01F201F2T- 
-S020101F8T- 
-S02160203T- 
-S01D60203T- 
-S013401DDT- 
-S014C01BFT- 
-S019601C4T- 
-S01DC01E3T- 
-S020B01FAT- 
-S0229020BT- 
-S023E021BT- 
-S0239021CT- 
-S022B021CT- 
-S02140216T- 
-S01F70208T- 
-S01E40202T- 
-S01CD01F5T- 
-S01B701EBT- 
-S01AA01E5T- 
-S01A301DBT- 
-S01B201DET- 
-S01CC01E3T- 
-S01E901EBT- 
-S020A01FBT- 
-S021E0202T- 
-S0232020DT- 
-S02440216T- 
-S024D0219T- 
-S02580222T- 
-S02570222T- 
-S02540222T- 
-S02520224T- 
-S0247021DT- 
-S0241021ET- 
-S0239021AT- 
-S022F0214T- 
-S022B0210T- 
-S02220208T- 
-S021D0205T- 
-S021A0204T- 
-S021201FET- 
-S02110200T- 
-S020C01FET- 
-S020801FCT- 
-S020901FFT- 
-S020401FBT- 
-S020301FET- 
-S020201FDT- 
-S01FE01FBT- 
-S020001FFT- 
-S01FD01FCT- 
-S01FD01FCT- 
-S01FE01FET- 
-S01FA01FBT- 
-S01FC01FET- 
-S01FB01FDT- 
-S01F901FCT- 
-S01FC01FFT- 
-S01F001FAT- 
-S01E001F8T- 
-S01CD01F2T- 
-S01B701E7T- 
-S01B101E4T- 
-S01B701DFT- 
-S01CB01E3T- 
-S01E601EET- 
-S01F801F3T- 
-S020B0203T- 
-S020E020CT- 
-S017B01FET- 
-S013101CCT- 
-S016E01BCT- 
-S01BC01D4T- 
-S01F601EET- 
-S021A0200T- 
-S02370214T- 
-S023C0219T- 
-S0233021BT- 
-S02220219T- 
-S0204020CT- 
-S01EF0205T- 
-S01D801F9T- 
-S01C101EET- 
-S01B001E9T- 
-S01A301DDT- 
-S01A901DCT- 
-S01BE01DFT- 
-S01D901E4T- 
-S01FB01F4T- 
-S021301FDT- 
-S02280208T- 
-S023D0213T- 
-S02480216T- 
-S02560220T- 
-S02570221T- 
-S02550222T- 
-S02540225T- 
-S0249021ET- 
-S0244021FT- 
-S023B0216T- 
-S0230020ET- 
-S022B020CT- 
-S02210205T- 
-S021E0206T- 
-S02180203T- 
-S02120201T- 
-S02110203T- 
-S020B01FET- 
-S020A0200T- 
-S020801FFT- 
-S020301FDT- 
-S02040200T- 
-S020101FDT- 
-S01FF01FDT- 
-S020101FFT- 
-S01FC01FCT- 
-S01FE01FFT- 
-S01FD01FDT- 
-S01FB01FCT- 
-S01FD01FFT- 
-S014401E5T- 
-S013F01B6T- 
-S018B01BBT- 
-S01D201D6T- 
-S020201ECT- 
-S02260203T- 
-S023A0210T- 
-S02390215T- 
-S022F0219T- 
-S02150210T- 
-S01FD0208T- 
-S01E70203T- 
-S01CF01F9T- 
-S01BD01F6T- 
-S01A901EBT- 
-S01A401E4T- 
-S01B001E6T- 
-S01C501E6T- 
-S01E701F2T- 
-S020401FDT- 
-S02190205T- 
-S02310212T- 
-S023E0215T- 
-S024D021DT- 
-S02570224T- 
-S02550222T- 
-S02570227T- 
-S02500223T- 
-S02480220T- 
-S02440221T- 
-S02380219T- 
-S02330219T- 
-S022C0215T- 
-S0222020FT- 
-S02200211T- 
-S0218020AT- 
-S02140209T- 
-S0212020AT- 
-S020B0204T- 
-S020B0206T- 
-S02070203T- 
-S02040201T- 
-S02050204T- 
-S020001FBT- 
-S020001F9T- 
-S01FF01F7T- 
-S01FC01F3T- 
-S01FE01F7T- 
-S01FC01F5T- 
-S01FB01F5T- 
-S01FD01F8T- 
-S01FA01F5T- 
-S01FC01F9T- 
-S01FB01F9T- 
-S01F301F7T- 
-S01E501F8T- 
-S01CE01EET- 
-S01BC01E8T- 
-S01B201E2T- 
-S01B401DCT- 
-S01CA01E3T- 
-S01E001E8T- 
-S01F601F2T- 
-S020901FDT- 
-S02120201T- 
-S01A701FET- 
-S012C01CAT- 
-S015D01B2T- 
-S01AE01C7T- 
-S01E801DET- 
-S021401F7T- 
-S0232020AT- 
-S023B0211T- 
-S02390219T- 
-S02250218T- 
-S020B0213T- 
-S01F6020FT- 
-S01DC0201T- 
-S01C901FBT- 
-S01B301F0T- 
-S01A401E5T- 
-S01A801E4T- 
-S01B601E0T- 
-S01D301E9T- 
-S01F401F5T- 
-S020C01FCT- 
-S0226020BT- 
-S02360211T- 
-S02450217T- 
-S02540221T- 
-S02550220T- 
-S02580225T- 
-S02550225T- 
-S024C0220T- 
-S02480222T- 
-S023D021BT- 
-S02360219T- 
-S02310218T- 
-S02260210T- 
-S02230212T- 
-S021B020CT- 
-S0216020AT- 
-S0214020BT- 
-S020C0204T- 
-S020C0207T- 
-S02080204T- 
-S020401FDT- 
-S020401FCT- 
-S020001F6T- 
-S020101F8T- 
-S01FF01F7T- 
-S01FD01F5T- 
-S01FF01F9T- 
-S01FC01F6T- 
-S01FC01F8T- 
-S01FD01FAT- 
-S01FA01F7T- 
-S01FC01FBT- 
-S01FA01FAT- 
-S01F601FAT- 
-S01EA01FAT- 
-S01D301F1T- 
-S01C101ECT- 
-S01B201E4T- 
-S01B201DDT- 
-S01C401E2T- 
-S01D901E6T- 
-S01F101F1T- 
-S020401FBT- 
-S021301FFT- 
-S01D10205T- 
-S013201D7T- 
-S014E01B3T- 
-S019E01C1T- 
-S01DD01D8T- 
-S020D01F4T- 
-S022C0206T- 
-S023A0210T- 
-S023B021DT- 
-S0228021BT- 
-S02110218T- 
-S01FA0211T- 
-S01E00202T- 
-S01CE01FDT- 
-S01B701F0T- 
-S01A601E6T- 
-S01A701E4T- 
-S01B001DET- 
-S01CE01E7T- 
-S01ED01F1T- 
-S020701FAT- 
-S02220209T- 
-S0232020ET- 
-S02430216T- 
-S0252021FT- 
-S0254021FT- 
-S02590225T- 
-S02550223T- 
-S024E0221T- 
-S024A0223T- 
-S023F021BT- 
-S0239021AT- 
-S02320218T- 
-S02270211T- 
-S02250213T- 
-S021C020CT- 
-S0218020BT- 
-S0215020BT- 
-S020D0205T- 
-S020D0207T- 
-S02090200T- 
-S020501FAT- 
-S020601FBT- 
-S020101F6T- 
-S020101F8T- 
-S020101F8T- 
-S01FD01F6T- 
-S01FF01FAT- 
-S01FD01F7T- 
-S01FC01F8T- 
-S01FD01FBT- 
-S01FA01F8T- 
-S01FC01FBT- 
-S01FB01FBT- 
-S01F801F9T- 
-S01F201FCT- 
-S01DE01F5T- 
-S01CB01F0T- 
-S01B901E9T- 
-S01AE01DFT- 
-S01BA01E1T- 
-S01CD01E3T- 
-S01E401EBT- 
-S01FC01F7T- 
-S020901FBT- 
-S020D0206T- 
-S017D01F6T- 
-S012D01BFT- 
-S017101B7T- 
-S01BA01C9T- 
-S01F401E5T- 
-S021D0200T- 
-S02330210T- 
-S023F0220T- 
-S02340220T- 
-S021F021BT- 
-S02090216T- 
-S01ED0206T- 
-S01D901FFT- 
-S01C401F5T- 
-S01AC01E8T- 
-S01A601E5T- 
-S01A801DDT- 
-S01BD01E0T- 
-S01DC01EAT- 
-S01F701F1T- 
-S02150201T- 
-S02280209T- 
-S02380210T- 
-S024B021BT- 
-S0252021CT- 
-S02580223T- 
-S02580224T- 
-S02510220T- 
-S024E0223T- 
-S0244021DT- 
-S023D021BT- 
-S0237021AT- 
-S022C0213T- 
-S02280214T- 
-S0221020FT- 
-S0219020BT- 
-S0218020DT- 
-S02100202T- 
-S020D01FFT- 
-S020B01FDT- 
-S020601F8T- 
-S020701FBT- 
-S020301F8T- 
-S020101F9T- 
-S020201FBT- 
-S01FE01F8T- 
-S020001FBT- 
-S01FE01FAT- 
-S01FC01FAT- 
-S01FE01FDT- 
-S01FA01F9T- 
-S01FC01FCT- 
-S01FB01FCT- 
-S01F901FBT- 
-S01F401FDT- 
-S01E001F6T- 
-S01CE01F2T- 
-S01BA01E9T- 
-S01AF01E1T- 
-S01BA01E2T- 
-S01CA01E2T- 
-S01E401ECT- 
-S01FA01F5T- 
-S020701FBT- 
-S02110206T- 
-S018801F8T- 
-S012D01C3T- 
-S016B01B6T- 
-S01B401C6T- 
-S01F201E9T- 
-S021A0201T- 
-S02320211T- 
-S02400220T- 
-S0234021ET- 
-S0222021DT- 
-S02090214T- 
-S01ED0206T- 
-S01DB0200T- 
-S01C301F2T- 
-S01AF01EAT- 
-S01A601E4T- 
-S01A601DCT- 
-S01BD01E2T- 
-S01D901E8T- 
-S01F601F1T- 
-S02140201T- 
-S02260207T- 
-S02390211T- 
-S024A0219T- 
-S0251021BT- 
-S02590224T- 
-S02560222T- 
-S02520222T- 
-S024F0223T- 
-S0243021CT- 
-S023E021DT- 
-S02360218T- 
-S022C0213T- 
-S02290215T- 
-S0220020ET- 
-S021B020DT- 
-S02170207T- 
-S021001FFT- 
-S020F01FFT- 
-S020A01FBT- 
-S020701FAT- 
-S020701FCT- 
-S020201F8T- 
-S020301FBT- 
-S020101FBT- 
-S01FE01F9T- 
-S020001FCT- 
-S01FC01FAT- 
-S01FD01FBT- 
-S01FE01FCT- 
-S01FA01F9T- 
-S01FC01FDT- 
-S01FB01FBT- 
-S01FA01FBT- 
-S01FA01FET- 
-S01EA01F9T- 
-S01D801F6T- 
-S01C501EET- 
-S01B101E4T- 
-S01B301E2T- 
-S01BF01E0T- 
-S01D601E6T- 
-S01EF01F1T- 
-S01FF01F7T- 
-S02140202T- 
-S01EC0205T- 
-S013E01E0T- 
-S014301BCT- 
-S018D01C0T- 
-S01D401DFT- 
-S020701F9T- 
-S02250209T- 
-S023C021BT- 
-S023A021DT- 
-S022D021DT- 
-S02180218T- 
-S01FB020AT- 
-S01E70204T- 
-S01D001F7T- 
-S01B901EDT- 
-S01AB01E7T- 
-S01A301DCT- 
-S01AF01DDT- 
-S01C901E3T- 
-S01E501E9T- 
-S020601FAT- 
-S021B0201T- 
-S022F020BT- 
-S02420216T- 
-S024C0218T- 
-S02570221T- 
-S02580222T- 
-S02530221T- 
-S02520224T- 
-S0247021DT- 
-S0241021DT- 
-S023A021BT- 
-S02300214T- 
-S022D0216T- 
-S0223020BT- 
-S021D0206T- 
-S021A0204T- 
-S021201FET- 
-S021101FFT- 
-S020D01FDT- 
-S020801FBT- 
-S020901FET- 
-S020401FBT- 
-S020301FCT- 
-S020201FDT- 
-S01FE01FAT- 
-S020001FET- 
-S01FE01FBT- 
-S01FC01FCT- 
-S01FE01FET- 
-S01FA01FBT- 
-S01FC01FET- 
-S01FB01FDT- 
-S01F901FBT- 
-S01FC01FFT- 
-S01F201FBT- 
-S01E001F8T- 
-S01CB01F0T- 
-S01B501E7T- 
-S01B201E3T- 
-S01BA01DFT- 
-S01D101E6T- 
-S01EA01EFT- 
-S01FC01F6T- 
-S02120201T- 
-S01F40204T- 
-S014701EBT- 
-S014101C0T- 
-S018B01C2T- 
-S01D401E0T- 
-S020401F6T- 
-S0226020AT- 
-S023C0219T- 
-S0239021BT- 
-S022F021ET- 
-S02160215T- 
-S01FB020AT- 
-S01E80203T- 
-S01CF01F5T- 
-S01BB01EET- 
-S01AA01E5T- 
-S01A201DBT- 
-S01B101DET- 
-S01C701E0T- 
-S01E701EBT- 
-S020701FAT- 
-S021B0200T- 
-S0232020ET- 
-S02410214T- 
-S024D0219T- 
-S02580222T- 
-S02560220T- 
-S02560224T- 
-S02510223T- 
-S0247021DT- 
-S0243021FT- 
-S02390219T- 
-S02310216T- 
-S022C0211T- 
-S02220207T- 
-S021E0206T- 
-S02180202T- 
-S021201FFT- 
-S02110201T- 
-S020B01FDT- 
-S020A01FET- 
-S020801FET- 
-S020301FBT- 
-S020401FET- 
-S020101FCT- 
-S01FF01FCT- 
-S020001FET- 
-S01FC01FBT- 
-S01FE01FET- 
-S01FD01FDT- 
-S01FB01FBT- 
-S01FD01FFT- 
-S01FA01FBT- 
-S01FB01FDT- 
-S01FB01FET- 
-S01F101FAT- 
-S01E201FAT- 
-S01CD01F0T- 
-S01B901E9T- 
-S01B201E4T- 
-S01B601DET- 
-S01CB01E4T- 
-S01E401ECT- 
-S01F701F3T- 
-S020A0203T- 
-S0210020AT- 
-S018F0204T- 
-S012E01D0T- 
-S016501BBT- 
-S01B601D3T- 
-S01EF01EAT- 
-S02180200T- 
-S02350212T- 
-S023B0217T- 
-S0236021DT- 
-S02230218T- 
-S0207020DT- 
-S01F20207T- 
-S01D901F9T- 
-S01C401F1T- 
-S01B101E9T- 
-S01A301DDT- 
-S01A901DDT- 
-S01BA01DDT- 
-S01D601E4T- 
-S01F801F3T- 
-S020F01FBT- 
-S02270208T- 
-S02390210T- 
-S02460215T- 
-S0255021FT- 
-S02560220T- 
-S02560222T- 
-S02550224T- 
-S024B021ET- 
-S02470220T- 
-S023D0217T- 
-S0234020FT- 
-S0230020ET- 
-S02260207T- 
-S02220207T- 
-S021D0205T- 
-S02150201T- 
-S02140204T- 
-S020E0200T- 
-S020B01FFT- 
-S020A0201T- 
-S020401FDT- 
-S02050200T- 
-S020301FFT- 
-S01FF01FDT- 
-S02010200T- 
-S01FE01FCT- 
-S01FE01FET- 
-S01FE01FFT- 
-S01FB01FCT- 
-S01FD01FFT- 
-S01FB01FDT- 
-S01FA01FDT- 
-S01FC01FFT- 
-S01F701FBT- 
-S01ED01FCT- 
-S01DA01F6T- 
-S01C401EDT- 
-S01B501E8T- 
-S01B001DFT- 
-S01BE01E1T- 
-S01D601E8T- 
-S01EE01F4T- 
-S02050204T- 
-S02140209T- 
-S01DB020ET- 
-S013901E7T- 
-S014501BBT- 
-S019801C7T- 
-S01DB01DET- 
-S020B01F7T- 
-S022E020DT- 
-S023A0214T- 
-S023A021CT- 
-S02270218T- 
-S020C020FT- 
-S01F60208T- 
-S01DB01F8T- 
-S01C801F3T- 
-S01B201E8T- 
-S01A301DET- 
-S01A901DET- 
-S01B601DBT- 
-S01D501E5T- 
-S01F501F1T- 
-S020D01F9T- 
-S02270208T- 
-S0236020ET- 
-S02460215T- 
-S0254021FT- 
-S0255021ET- 
-S02580224T- 
-S02540223T- 
-S024C021FT- 
-S0247021CT- 
-S023D0213T- 
-S02360210T- 
-S0230020DT- 
-S02260208T- 
-S02230209T- 
-S021C0205T- 
-S02160203T- 
-S02150205T- 
-S020E0200T- 
-S020C0202T- 
-S02090201T- 
-S020501FET- 
-S02060201T- 
-S020101FET- 
-S020101FET- 
-S020101FFT- 
-S01FD01FCT- 
-S01FF01FFT- 
-S01FD01FET- 
-S01FB01FDT- 
-S01FE0200T- 
-S01FA01FCT- 
-S01FB01FET- 
-S01FB01FET- 
-S01F701FCT- 
-S01EF01FET- 
-S01DA01F5T- 
-S01C601EFT- 
-S01B601E9T- 
-S01AF01DFT- 
-S01BE01E6T- 
-S01D301EDT- 
-S01EA01F6T- 
-S02010204T- 
-S020E0206T- 
-S01FA020FT- 
-S015301F3T- 
-S013701BET- 
-S018501C1T- 
-S01CA01D5T- 
-S01FF01EFT- 
-S02250206T- 
-S0236020FT- 
-S023D021AT- 
-S02300219T- 
-S02180211T- 
-S0203020CT- 
-S01E701FET- 
-S01D301F6T- 
-S01BF01EET- 
-S01A901E1T- 
-S01A601DFT- 
-S01AC01DAT- 
-S01C201DET- 
-S01E401EBT- 
-S01FE01F2T- 
-S021A0202T- 
-S022D020AT- 
-S023C0210T- 
-S024E021BT- 
-S0253021CT- 
-S02580222T- 
-S0257021FT- 
-S024F0218T- 
-S024B0218T- 
-S02420213T- 
-S023A0210T- 
-S02340210T- 
-S022A020AT- 
-S0226020BT- 
-S02200208T- 
-S02180205T- 
-S02170207T- 
-S02100203T- 
-S020D0203T- 
-S020B0203T- 
-S020601FFT- 
-S02070202T- 
-S02030200T- 
-S020101FFT- 
-S02020201T- 
-S01FD01FDT- 
-S01FE0200T- 
-S01FE01FFT- 
-S01FB01FDT- 
-S01FD0200T- 
-S01FB01FDT- 
-S01FB01FET- 
-S012B01C7T- 
-S016201B6T- 
-S01AE01C5T- 
-S01EA01E0T- 
-S021701FAT- 
-S022F0207T- 
-S023D021AT- 
-S0236021FT- 
-S0222021BT- 
-S020C0218T- 
-S01F0020AT- 
-S01DC0202T- 
-S01C701F9T- 
-S01AE01EBT- 
-S01A601E7T- 
-S01A701DFT- 
-S01BC01E2T- 
-S01DC01ECT- 
-S01F801F3T- 
-S02160203T- 
-S0229020AT- 
-S023B0213T- 
-S024E021CT- 
-S0253021ET- 
-S025A0225T- 
-S02550222T- 
-S02500222T- 
-S024C0222T- 
-S0240021BT- 
-S023B021CT- 
-S02330217T- 
-S02290212T- 
-S02260214T- 
-S021D020CT- 
-S0219020CT- 
-S0215020BT- 
-S020E0205T- 
-S020E0208T- 
-S020901FFT- 
-S020501FBT- 
-S020601FBT- 
-S020101F6T- 
-S020201F8T- 
-S020001F8T- 
-S01FD01F6T- 
-S020001FAT- 
-S01FC01F7T- 
-S01FD01F9T- 
-S01FD01FAT- 
-S01FA01F8T- 
-S01FD01FCT- 
-S01FB01FAT- 
-S01FA01FAT- 
-S01F601FDT- 
-S01E201F6T- 
-S01D101F2T- 
-S01BD01EAT- 
-S01AE01E0T- 
-S01B701E1T- 
-S01C601E1T- 
-S01E001E9T- 
-S01F701F4T- 
-S020501FAT- 
-S02160205T- 
-S01AB01FET- 
-S012B01CAT- 
-S016001B6T- 
-S01AB01C3T- 
-S01EA01E0T- 
-S021501FBT- 
-S022F020DT- 
-S0240021FT- 
-S0237021FT- 
-S0225021ET- 
-S020E0217T- 
-S01F10208T- 
-S01DE0202T- 
-S01C701F5T- 
-S01B101EBT- 
-S01A701E6T- 
-S01A501DCT- 
-S01B801E1T- 
-S01D501E7T- 
-S01F101EFT- 
-S02110200T- 
-S02240206T- 
-S02360210T- 
-S02480219T- 
-S0250021BT- 
-S02590223T- 
-S02570223T- 
-S02520222T- 
-S02500224T- 
-S0244021DT- 
-S023F021DT- 
-S0238021AT- 
-S022D0213T- 
-S022A0215T- 
-S0221020ET- 
-S021B020DT- 
-S0219020DT- 
-S02100202T- 
-S020F0200T- 
-S020B01FCT- 
-S020701F9T- 
-S020801FBT- 
-S020301F7T- 
-S020301FAT- 
-S020201FAT- 
-S01FE01F8T- 
-S020001FCT- 
-S01FD01F9T- 
-S01FD01FAT- 
-S01FE01FDT- 
-S01FA01F9T- 
-S01FC01FDT- 
-S01FB01FCT- 
-S01F901FBT- 
-S01FA01FET- 
-S01EC01F9T- 
-S01DA01F6T- 
-S01C701EFT- 
-S01B301E4T- 
-S01B201E2T- 
-S01BD01DFT- 
-S01D201E5T- 
-S01EC01F0T- 
-S01FD01F6T- 
-S02110200T- 
-S01F90206T- 
-S015001E8T- 
-S013A01BBT- 
-S018101B7T- 
-S01CB01D6T- 
-S020101F4T- 
-S02220206T- 
-S023A0219T- 
-S023C021ET- 
-S022F021ET- 
-S021C021BT- 
-S01FF020DT- 
-S01EA0206T- 
-S01D401FBT- 
-S01BC01EFT- 
-S01AD01EAT- 
-S01A301DET- 
-S01AC01DDT- 
-S01C401E3T- 
-S01E001E8T- 
-S020201F8T- 
-S02190201T- 
-S022C020AT- 
-S02400215T- 
-S024B0217T- 
-S02570221T- 
-S02580222T- 
-S02540221T- 
-S02520224T- 
-S0247021DT- 
-S0241021ET- 
-S0239021AT- 
-S022F0214T- 
-S022C0216T- 
-S0221020FT- 
-S021D020ET- 
-S02180207T- 
-S02110200T- 
-S02100200T- 
-S020B01FBT- 
-S020801FBT- 
-S020801FCT- 
-S020301F9T- 
-S020401FCT- 
-S020101FAT- 
-S01FF01FAT- 
-S020101FDT- 
-S01FD01F9T- 
-S01FD01FCT- 
-S01FD01FCT- 
-S01FA01FAT- 
-S01FD01FET- 
-S01FA01FBT- 
-S01FA01FCT- 
-S01FB01FET- 
-S01EE01F9T- 
-S01DE01F8T- 
-S01C901EFT- 
-S01B501E6T- 
-S01B201E3T- 
-S01BA01DFT- 
-S01D001E6T- 
-S01E901EET- 
-S01FB01F5T- 
-S020F0200T- 
-S02020205T- 
-S016301EFT- 
-S013401C2T- 
-S017801BCT- 
-S01C501D9T- 
-S01FB01F2T- 
-S021F0205T- 
-S02390218T- 
-S023B021BT- 
-S0232021ET- 
-S021D0219T- 
-S0201020CT- 
-S01ED0206T- 
-S01D501F9T- 
-S01BF01F0T- 
-S01AE01E9T- 
-S01A201DDT- 
-S01AB01DET- 
-S01C101E0T- 
-S01DD01E7T- 
-S020001F7T- 
-S021601FET- 
-S022B020AT- 
-S023E0213T- 
-S02490216T- 
-S02560220T- 
-S02570221T- 
-S02550222T- 
-S02540225T- 
-S0249021ET- 
-S0244021FT- 
-S023C021BT- 
-S02320216T- 
-S022F0217T- 
-S0225020CT- 
-S021F0207T- 
-S021B0204T- 
-S021301FET- 
-S02120200T- 
-S020D01FDT- 
-S020901FCT- 
-S020901FFT- 
-S020401FBT- 
-S020401FDT- 
-S020201FDT- 
-S01FF01FBT- 
-S020101FET- 
-S01FD01FBT- 
-S01FD01FCT- 
-S01FE01FET- 
-S01FA01FBT- 
-S01FD01FET- 
-S01FB01FCT- 
-S01FA01FCT- 
-S01FC01FFT- 
-S01F401FBT- 
-S01E701FAT- 
-S01D401F4T- 
-S01BE01EAT- 
-S01B201E6T- 
-S01B301DFT- 
-S01C401E2T- 
-S01DD01EAT- 
-S01F101F0T- 
-S020501FCT- 
-S02150202T- 
-S01C50206T- 
-S013201DET- 
-S014F01BBT- 
-S01A001CAT- 
-S01E101E5T- 
-S020C01FAT- 
-S022E0210T- 
-S023B0217T- 
-S0239021CT- 
-S022B021DT- 
-S020E0211T- 
-S01F9020AT- 
-S01E101FET- 
-S01CA01F3T- 
-S01B801EDT- 
-S01A501E0T- 
-S01A601DDT- 
-S01B401DET- 
-S01CC01E0T- 
-S01EF01EFT- 
-S020901F8T- 
-S02200203T- 
-S0235020FT- 
-S02420212T- 
-S0251021DT- 
-S02570220T- 
-S02560221T- 
-S02570225T- 
-S024E0220T- 
-S0248021FT- 
-S0241021ET- 
-S02360217T- 
-S02310213T- 
-S0229020BT- 
-S02220206T- 
-S021F0206T- 
-S02150200T- 
-S02140202T- 
-S020E01FFT- 
-S020B01FET- 
-S020A0200T- 
-S020401FCT- 
-S020501FFT- 
-S020201FDT- 
-S01FF01FDT- 
-S020101FFT- 
-S01FD01FCT- 
-S01FE01FET- 
-S01FD01FDT- 
-S01FB01FCT- 
-S01FD01FFT- 
-S01FA01FCT- 
-S01FB01FET- 
-S01FC01FET- 
-S01F501FBT- 
-S01E901FCT- 
-S01D401F3T- 
-S01C001ECT- 
-S01B301E6T- 
-S01B101DET- 
-S01C401E2T- 
-S01DB01E8T- 
-S01F001F0T- 
-S02050200T- 
-S02140207T- 
-S01D1020DT- 
-S013301E2T- 
-S014B01BCT- 
-S019D01CAT- 
-S01DD01E1T- 
-S020C01F9T- 
-S022E020ET- 
-S023A0214T- 
-S023A021DT- 
-S022A021AT- 
-S020F0210T- 
-S01FA020BT- 
-S01E001FCT- 
-S01CC01F4T- 
-S01B801ECT- 
-S01A501DFT- 
-S01A601DET- 
-S01B201DBT- 
-S01CC01E1T- 
-S01EE01EFT- 
-S020701F6T- 
-S02210205T- 
-S0233020DT- 
-S02410212T- 
-S0252021DT- 
-S0255021ET- 
-S02570222T- 
-S02560224T- 
-S024D021FT- 
-S024A0221T- 
-S02400218T- 
-S02370211T- 
-S0232020FT- 
-S02280208T- 
-S02240208T- 
-S021E0206T- 
-S02160202T- 
-S02150204T- 
-S020F0200T- 
-S020C0200T- 
-S020B0201T- 
-S020501FDT- 
-S02060200T- 
-S020301FET- 
-S020001FDT- 
-S02010200T- 
-S01FD01FCT- 
-S01FE01FFT- 
-S01FE01FET- 
-S01FB01FCT- 
-S01FE01FFT- 
-S01FB01FCT- 
-S01FB01FDT- 
-S01FC01FFT- 
-S01F801FCT- 
-S01F201FET- 
-S01DE01F7T- 
-S01CA01F0T- 
-S01B901EBT- 
-S01AF01E0T- 
-S01BA01E1T- 
-S01CF01E5T- 
-S01E501EFT- 
-S01FD0200T- 
-S020B0206T- 
-S0209020ET- 
-S017501FFT- 
-S012E01C5T- 
-S017401BFT- 
-S01BD01D2T- 
-S01F501EAT- 
-S021F0204T- 
-S0234020ET- 
-S023D0219T- 
-S0234021BT- 
-S021D0213T- 
-S0207020FT- 
-S01EC0201T- 
-S01D701F8T- 
-S01C401F1T- 
-S01AC01E3T- 
-S01A501E0T- 
-S01A901DBT- 
-S01BC01DCT- 
-S01DE01E9T- 
-S01F901F0T- 
-S021401FET- 
-S022B020AT- 
-S0239020ET- 
-S024B021AT- 
-S0253021DT- 
-S02560220T- 
-S02580225T- 
-S02500220T- 
-S024C021DT- 
-S02440217T- 
-S023B0211T- 
-S02360211T- 
-S022D020BT- 
-S0227020AT- 
-S02220209T- 
-S021A0204T- 
-S02180206T- 
-S02120203T- 
-S020D0201T- 
-S020D0203T- 
-S020701FFT- 
-S02060201T- 
-S02040200T- 
-S020001FDT- 
-S02020201T- 
-S01FE01FDT- 
-S01FE01FET- 
-S01FE01FFT- 
-S01FB01FCT- 
-S01FD0200T- 
-S01FB01FCT- 
-S01FB01FDT- 
-S01FC01FFT- 
-S01F901FBT- 
-S01F501FET- 
-S01E201F8T- 
-S01CD01F2T- 
-S01B901EAT- 
-S01AE01E0T- 
-S01BB01E6T- 
-S01CD01EAT- 
-S01E601F5T- 
-S01FD0202T- 
-S020A0205T- 
-S020B0210T- 
-S017401FCT- 
-S012F01C4T- 
-S017501BET- 
-S01BD01CFT- 
-S01F701ECT- 
-S021E0202T- 
-S0233020DT- 
-S023E021AT- 
-S02330218T- 
-S021E0214T- 
-S0207020ET- 
-S01EB01FFT- 
-S01D801F9T- 
-S01C201EET- 
-S01AC01E3T- 
-S01A601E0T- 
-S01A801D9T- 
-S01BE01DET- 
-S01DE01E8T- 
-S01F901F0T- 
-S02160200T- 
-S02290208T- 
-S023A0210T- 
-S024C021AT- 
-S0252021BT- 
-S02590222T- 
-S0257021FT- 
-S02500219T- 
-S024D0219T- 
-S02430213T- 
-S023C0212T- 
-S02360211T- 
-S022C020BT- 
-S0228020CT- 
-S02200208T- 
-S021A0206T- 
-S02180208T- 
-S02100203T- 
-S020F0204T- 
-S020B0203T- 
-S02070200T- 
-S02080203T- 
-S020301FFT- 
-S02020200T- 
-S02020201T- 
-S01FE01FDT- 
-S01FF0200T- 
-S01FD01FET- 
-S01FB01FDT- 
-S01FE0200T- 
-S01FA01FCT- 
-S01FB01FET- 
-S01FB01FET- 
-S01F901FCT- 
-S01F801FFT- 
-S01E801FAT- 
-S01D501F4T- 
-S01C301EET- 
-S01B001E7T- 
-S01B401EAT- 
-S01C201EAT- 
-S01D801F0T- 
-S01F301FDT- 
-S02010201T- 
-S0215020AT- 
-S01D9020CT- 
-S013201DET- 
-S014B01BCT- 
-S019601C1T- 
-S01D901DBT- 
-S020C01F6T- 
-S02280204T- 
-S023C0214T- 
-S023A0218T- 
-S02290215T- 
-S02150213T- 
-S01F90205T- 
-S01E301FDT- 
-S01CF01F4T- 
-S01B601E7T- 
-S01A901E3T- 
-S01A401DAT- 
-S01B001DAT- 
-S01CD01E3T- 
-S01E901E9T- 
-S020801F9T- 
-S021F0203T- 
-S0230020AT- 
-S02440216T- 
-S024E0219T- 
-S0255021BT- 
-S0258021BT- 
-S02530217T- 
-S0250021AT- 
-S02480216T- 
-S02400213T- 
-S023A0214T- 
-S0230020ET- 
-S022B020ET- 
-S0224020CT- 
-S021C0208T- 
-S021A0209T- 
-S02130205T- 
-S02100205T- 
-S020E0205T- 
-S02080201T- 
-S02080204T- 
-S02050201T- 
-S02020200T- 
-S02030202T- 
-S01FF01FET- 
-S01FF0200T- 
-S01FF01FFT- 
-S01FC01FDT- 
-S01FE0201T- 
-S01FB01FDT- 
-S01FB01FET- 
-S01FC01FFT- 
-S01F901FCT- 
-S01FB01FFT- 
-S01F201FCT- 
-S01E001FCT- 
-S01CF01FCT- 
-S01B801F1T- 
-S01B101EDT- 
-S01BA01E9T- 
-S01CE01ECT- 
-S01EA01F8T- 
-S01FB01FBT- 
-S020F0206T- 
-S01FA020BT- 
-S014C01EAT- 
-S013D01BET- 
-S018601BBT- 
-S01D501D9T- 
-S020801F2T- 
-S02270202T- 
-S023D0214T- 
-S02390216T- 
-S022C0217T- 
-S02150212T- 
-S01F90204T- 
-S01E501FET- 
-S01CE01F2T- 
-S01B801E9T- 
-S01AA01E3T- 
-S01A301D9T- 
-S01B101DCT- 
-S01CA01E1T- 
-S01E701E9T- 
-S020801F9T- 
-S021D0201T- 
-S0231020CT- 
-S02420210T- 
-S024C0211T- 
-S02560218T- 
-S02570218T- 
-S02540218T- 
-S0251021BT- 
-S02470216T- 
-S02420216T- 
-S023A0214T- 
-S02300210T- 
-S022C0211T- 
-S0223020CT- 
-S021E020BT- 
-S021A020BT- 
-S02130206T- 
-S02120207T- 
-S020D0205T- 
-S02080203T- 
-S02090205T- 
-S02040200T- 
-S02030202T- 
-S02020201T- 
-S01FE01FET- 
-S02000201T- 
-S01FE01FET- 
-S01FD01FET- 
-S01FE0200T- 
-S01FA01FCT- 
-S01FC01FFT- 
-S01FB01FET- 
-S01D001E5T- 
-S01E801EET- 
-S01FA01F9T- 
-S020E0208T- 
-S0205020ET- 
-S016901FAT- 
-S013301C9T- 
-S017401BDT- 
-S01C101D6T- 
-S01F801EFT- 
-S021C0201T- 
-S02380214T- 
-S023B0218T- 
-S0232021BT- 
-S021E0217T- 
-S0202020AT- 
-S01ED0204T- 
-S01D601F7T- 
-S01C001EET- 
-S01AF01E8T- 
-S01A201DCT- 
-S01AB01DCT- 
-S01C001DFT- 
-S01DC01E5T- 
-S01FF01F6T- 
-S021501FDT- 
-S022A0209T- 
-S023D0213T- 
-S02490216T- 
-S02560220T- 
-S02570221T- 
-S02550221T- 
-S02540225T- 
-S024A021ET- 
-S0244021AT- 
-S023C0213T- 
-S0232020DT- 
-S022E020DT- 
-S02250207T- 
-S02200206T- 
-S021C0206T- 
-S02140202T- 
-S02120204T- 
-S020E0201T- 
-S020901FFT- 
-S02090202T- 
-S020401FET- 
-S02040200T- 
-S020301FFT- 
-S01FF01FDT- 
-S02000200T- 
-S01FE01FDT- 
-S01FD01FET- 
-S01FE01FFT- 
-S01FB01FCT- 
-S01FD01FFT- 
-S01FB01FDT- 
-S01FA01FCT- 
-S01FC01FFT- 
-S01F501FBT- 
-S01E801FBT- 
-S01D601F5T- 
-S01BF01EBT- 
-S01B301E6T- 
-S01B201DFT- 
-S01C201E5T- 
-S01DC01F2T- 
-S01EF01F8T- 
-S02040205T- 
-S0215020BT- 
-S01D1020AT- 
-S013501E3T- 
-S014901BAT- 
-S019901C4T- 
-S01DC01DFT- 
-S020F01F7T- 
-S0231020DT- 
-S023B0214T- 
-S0237021AT- 
-S02260218T- 
-S0208020CT- 
-S01F30206T- 
-S01DA01F8T- 
-S01C501F0T- 
-S01B101E8T- 
-S01A301DCT- 
-S01AB01DDT- 
-S01BD01DDT- 
-S01DB01E6T- 
-S01FD01F4T- 
-S021301FCT- 
-S022B020AT- 
-S023B0211T- 
-S02490216T- 
-S02560220T- 
-S0256021FT- 
-S02570223T- 
-S0253021FT- 
-S024A0217T- 
-S02450216T- 
-S023C0211T- 
-S0234020ET- 
-S022F020ET- 
-S02250208T- 
-S02210209T- 
-S021B0206T- 
-S02140203T- 
-S02130206T- 
-S020D0201T- 
-S020B0202T- 
-S02090202T- 
-S020401FET- 
-S02050202T- 
-S020201FFT- 
-S020001FFT- 
-S02010201T- 
-S01FD01FDT- 
-S01FE0200T- 
-S01FD01FET- 
-S01FB01FDT- 
-S01FD0200T- 
-S01FA01FDT- 
-S01FB01FET- 
-S01FC01FFT- 
-S01F501FCT- 
-S01E901FCT- 
-S01D401F4T- 
-S01C001ECT- 
-S01B301E6T- 
-S01B101E2T- 
-S01C501EBT- 
-S01DC01F2T- 
-S01F001F9T- 
-S02060206T- 
-S02140208T- 
-S01CE020BT- 
-S013201DFT- 
-S014B01B8T- 
-S019D01C6T- 
-S01DC01DDT- 
-S020B01F5T- 
-S022D020AT- 
-S023A0212T- 
-S023A021AT- 
-S022A0218T- 
-S0210020ET- 
-S01FA0209T- 
-S01E101FBT- 
-S01CD01F3T- 
-S01B901EBT- 
-S01A501DET- 
-S01A601DDT- 
-S01B101DAT- 
-S01CB01E0T- 
-S01EE01EET- 
-S020701F6T- 
-S02200204T- 
-S0233020DT- 
-S02410212T- 
-S0252021DT- 
-S0256021ET- 
-S0257021DT- 
-S0255021CT- 
-S024D0216T- 
-S02490217T- 
-S02410213T- 
-S02380210T- 
-S02330210T- 
-S0229020BT- 
-S0224020BT- 
-S021E0209T- 
-S02160205T- 
-S02150207T- 
-S020F0203T- 
-S020C0203T- 
-S020B0204T- 
-S02050200T- 
-S02050202T- 
-S02030200T- 
-S020001FFT- 
-S02020202T- 
-S01FE01FET- 
-S01FE01FFT- 
-S01FE0200T- 
-S01FB01FDT- 
-S01FD0200T- 
-S01FB01FDT- 
-S01FA01FDT- 
-S01FC0200T- 
-S01F801FCT- 
-S01F201FET- 
-S01E001F8T- 
-S01CB01F4T- 
-S01BB01F3T- 
-S01AF01E9T- 
-S01B901EAT- 
-S01CE01EFT- 
-S01E301F2T- 
-S01FB01FFT- 
-S02090203T- 
-S020B020AT- 
-S017E01FET- 
-S012D01C3T- 
-S016F01BAT- 
-S01BA01CDT- 
-S01F201E5T- 
-S021D01FFT- 
-S0233020BT- 
-S023C0216T- 
-S0236021AT- 
-S021D0212T- 
-S0208020ET- 
-S01EE0201T- 
-S01D801F7T- 
-S01C501F1T- 
-S01AD01E3T- 
-S01A501DFT- 
-S01AB01DAT- 
-S01C101DDT- 
-S01E401EBT- 
-S01FF01F2T- 
-S021B0202T- 
-S022E020BT- 
-S023E0211T- 
-S024F0217T- 
-S02540216T- 
-S0258021AT- 
-S02550219T- 
-S024E0217T- 
-S024A0219T- 
-S023F0213T- 
-S02390213T- 
-S02320211T- 
-S0228020CT- 
-S0225020ET- 
-S021D0209T- 
-S02180208T- 
-S02150208T- 
-S020E0204T- 
-S020D0205T- 
-S02090203T- 
-S02050201T- 
-S02070203T- 
-S020201FFT- 
-S02010201T- 
-S02010201T- 
-S01FD01FDT- 
-S01FF0201T- 
-S01FD01FET- 
-S01FC01FET- 
-S01FD0200T- 
-S01FA01FCT- 
-S01FC01FFT- 
-S01FB01FET- 
-S01F901FCT- 
-S01F301FFT- 
-S01DE01FBT- 
-S01CC01F9T- 
-S01BA01F4T- 
-S01AE01E9T- 
-S01BB01EBT- 
-S01CC01ECT- 
-S01E401F3T- 
-S01FC01FFT- 
-S02080201T- 
-S020D020CT- 
-S017D01FBT- 
-S012D01C2T- 
-S017201BBT- 
-S01BA01CBT- 
-S01F401E7T- 
-S021D01FET- 
-S0233020AT- 
-S023E0218T- 
-S02340217T- 
-S021E0213T- 
-S0208020ET- 
-S01EC01FFT- 
-S01D901F8T- 
-S01C401EFT- 
-S01AD01E3T- 
-S01A701E0T- 
-S01A801D9T- 
-S01BC01DDT- 
-S01DC01E7T- 
-S01F701EFT- 
-S021401FFT- 
-S02280207T- 
-S0238020AT- 
-S024B0212T- 
-S02520213T- 
-S02580218T- 
-S0258021AT- 
-S02510218T- 
-S024E021BT- 
-S02450216T- 
-S023D0215T- 
-S02370214T- 
-S022C020ET- 
-S0228020FT- 
-S0221020CT- 
-S021A0209T- 
-S0218020AT- 
-S02100205T- 
-S020E0206T- 
-S020C0205T- 
-S02060201T- 
-S02070204T- 
-S02030200T- 
-S02010200T- 
-S02020202T- 
-S01FE01FET- 
-S01FF0200T- 
-S01FE01FFT- 
-S01FB01FDT- 
-S01FE0200T- 
-S01FB01FDT- 
-S01FB01FET- 
-S01FC01FFT- 
-S01F90200T- 
-S01FA0207T- 
-S01EA0203T- 
-S01D601FET- 
-S01C501F9T- 
-S01B001ECT- 
-S01B301E9T- 
-S01C101E8T- 
-S01D501ECT- 
-S01F101F8T- 
-S020001FCT- 
-S02130205T- 
-S01E4020AT- 
-S013801DET- 
-S014901B9T- 
-S019501BET- 
-S01D801D8T- 
-S020B01F4T- 
-S02280202T- 
-S023C0213T- 
-S023B0217T- 
-S022A0214T- 
-S02150212T- 
-S01F90204T- 
-S01E301FCT- 
-S01CF01F4T- 
-S01B601E7T- 
-S01A901E3T- 
-S01A401DAT- 
-S01B001DAT- 
-S01CD01E3T- 
-S01E801E9T- 
-S020701F4T- 
-S021F01FBT- 
-S022F0202T- 
-S0244020CT- 
-S024E0210T- 
-S02560217T- 
-S0259021CT- 
-S0253021AT- 
-S024F021DT- 
-S02450218T- 
-S023E0218T- 
-S02360215T- 
-S022D0210T- 
-S02290211T- 
-S0220020CT- 
-S021B020CT- 
-S0217020AT- 
-S02100206T- 
-S020F0208T- 
-S02090203T- 
-S02080204T- 
-S02060203T- 
-S020101FFT- 
-S02030202T- 
-S01FF01FFT- 
-S01FE01FFT- 
-S01FF0201T- 
-S01FC01FDT- 
-S01FD0200T- 
-S01FC01FET- 
-S01FA01FDT- 
-S01FD0200T- 
-S01FA0200T- 
-S01FC0206T- 
-S01F70208T- 
-S01E30201T- 
-S01D301FFT- 
-S01BD01F3T- 
-S01B001EBT- 
-S01B601E9T- 
-S01C401E6T- 
-S01DF01F0T- 
-S01F501F8T- 
-S020401FDT- 
-S02170209T- 
-S01B40201T- 
-S012C01D1T- 
-S015901B7T- 
-S01A401C2T- 
-S01E601E1T- 
-S021101F5T- 
-S022D0207T- 
-S023E0215T- 
-S02360215T- 
-S02280216T- 
-S020F020ET- 
-S01F30202T- 
-S01E101FCT- 
-S01C801EFT- 
-S01B401E8T- 
-S01A701E1T- 
-S01A401D8T- 
-S01B701DET- 
-S01D101E2T- 
-S01EE01E8T- 
-S020D01F4T- 
-S022101FAT- 
-S02350205T- 
-S0245020DT- 
-S02500212T- 
-S0259021AT- 
-S0257021BT- 
-S0254021CT- 
-S0250021DT- 
-S02460219T- 
-S0241021AT- 
-S02380215T- 
-S022F0212T- 
-S022B0213T- 
-S0221020DT- 
-S021D020DT- 
-S0218020BT- 
-S02110206T- 
-S02110208T- 
-S020B0204T- 
-S02080204T- 
-S02080205T- 
-S02030200T- 
-S02030202T- 
-S02010200T- 
-S01FE01FFT- 
-S02000202T- 
-S01FD01FET- 
-S01FD01FFT- 
-S01FD0200T- 
-S01FA0201T- 
-S01FE0208T- 
-S01FB0206T- 
-S01FA0206T- 
-S01FB0209T- 
-S01ED0202T- 
-S01DE0200T- 
-S01C901F7T- 
-S01B401ECT- 
-S01B201E9T- 
-S01B901E3T- 
-S01D001E9T- 
-S01E901F2T- 
-S01FA01F7T- 
-S020F0203T- 
-S02030207T- 
-S016501F1T- 
-S013501C0T- 
-S017701B5T- 
-S01C301D0T- 
-S01FA01E9T- 
-S021E01FCT- 
-S0239020FT- 
-S023B0214T- 
-S02320217T- 
-S021E0214T- 
-S02010207T- 
-S01ED0201T- 
-S01D501F5T- 
-S01BF01EBT- 
-S01AE01E6T- 
-S01A301DAT- 
-S01AA01D6T- 
-S01C001D6T- 
-S01DC01DCT- 
-S01FE01EBT- 
-S021501F4T- 
-S022B0200T- 
-S023D020BT- 
-S0249020FT- 
-S02550219T- 
-S0258021CT- 
-S0255021DT- 
-S02540220T- 
-S024A021CT- 
-S0244021CT- 
-S023D0219T- 
-S02330214T- 
-S022E0215T- 
-S02250210T- 
-S0220020ET- 
-S021C020DT- 
-S02140208T- 
-S02120209T- 
-S020D0206T- 
-S02090204T- 
-S02090205T- 
-S02030201T- 
-S02040203T- 
-S02010201T- 
-S01FF01FFT- 
-S02000202T- 
-S01FC01FET- 
-S01FE0200T- 
-S01FC0203T- 
-S01FB0206T- 
-S01FE020AT- 
-S01FA0205T- 
-S01FC0208T- 
-S01FA0206T- 
-S01ED0202T- 
-S01DE0201T- 
-S01C701F4T- 
-S01B601EDT- 
-S01B201E7T- 
-S01B801E1T- 
-S01D101EAT- 
-S01E701EFT- 
-S01FE01FAT- 
-S02120203T- 
-S01F00204T- 
-S014901E8T- 
-S013C01B7T- 
-S018701B9T- 
-S01D101D6T- 
-S020101EBT- 
-S02260202T- 
-S023A020FT- 
-S023A0214T- 
-S02300218T- 
-S0216020FT- 
-S01FE0207T- 
-S01E801FFT- 
-S01D001F1T- 
-S01BD01EDT- 
-S01A901E2T- 
-S01A301D6T- 
-S01AF01D4T- 
-S01C401D5T- 
-S01E501E1T- 
-S020301EDT- 
-S021901F7T- 
-S02300205T- 
-S023F020BT- 
-S024D0214T- 
-S0257021BT- 
-S0256021CT- 
-S02570220T- 
-S0251021ET- 
-S0249021CT- 
-S0244021DT- 
-S02390217T- 
-S02330216T- 
-S022C0214T- 
-S0223020ET- 
-S02200210T- 
-S0219020BT- 
-S02140209T- 
-S02120209T- 
-S020B0204T- 
-S020B0206T- 
-S02070204T- 
-S02040201T- 
-S02050204T- 
-S020001FFT- 
-S02000201T- 
-S02000201T- 
-S01FC0202T- 
-S02000209T- 
-S01FC0207T- 
-S01FB0207T- 
-S01FE020AT- 
-S01F90204T- 
-S01FC0207T- 
-S01FB0205T- 
-S01F20201T- 
-S01E60201T- 
-S01CF01F5T- 
-S01BC01EFT- 
-S01B101E8T- 
-S01B301E0T- 
-S01C901E7T- 
-S01DF01EBT- 
-S01F401F4T- 
-S020801FFT- 
-S02120202T- 
-S01AD0201T- 
-S012C01CDT- 
-S015901B2T- 
-S01AC01C6T- 
-S01E601DDT- 
-S021301F6T- 
-S02310209T- 
-S023A0210T- 
-S02390219T- 
-S02250214T- 
-S020B020CT- 
-S01F60205T- 
-S01DC01F7T- 
-S01C801ECT- 
-S01B301E0T- 
-S01A401D4T- 
-S01A801D3T- 
-S01B601D2T- 
-S01D301DBT- 
-S01F401E8T- 
-S020D01F2T- 
-S02260201T- 
-S02370209T- 
-S02460210T- 
-S0254021AT- 
-S0256021CT- 
-S02580221T- 
-S02550221T- 
-S024C021ET- 
-S0248021FT- 
-S023E021AT- 
-S02360218T- 
-S02310216T- 
-S02270210T- 
-S02230211T- 
-S021C020DT- 
-S0216020AT- 
-S0214020BT- 
-S020D0206T- 
-S020C0207T- 
-S02090205T- 
-S02040202T- 
-S02060204T- 
-S02020201T- 
-S02000200T- 
-S02010205T- 
-S01FD0205T- 
-S01FF020AT- 
-S01FD0208T- 
-S01FB0206T- 
-S01FE020AT- 
-S01F90204T- 
-S01FB0205T- 
-S01FB0204T- 
-S01DE01E9T- 
-S01F601F5T- 
-S020701FDT- 
-S02120202T- 
-S01AA0201T- 
-S012A01CAT- 
-S015D01B4T- 
-S01AC01C6T- 
-S01E601DCT- 
-S021501F8T- 
-S022F0207T- 
-S023B0211T- 
-S02390219T- 
-S02230212T- 
-S020C020DT- 
-S01F40203T- 
-S01DB01F6T- 
-S01CA01F2T- 
-S01B101E5T- 
-S01A501DET- 
-S01A801DCT- 
-S01B501D9T- 
-S01D501E5T- 
-S01F201EAT- 
-S020D01F2T- 
-S022601FET- 
-S02350203T- 
-S0247020DT- 
-S02530214T- 
-S02560217T- 
-S0259021ET- 
-S0253021CT- 
-S024E021CT- 
-S0248021CT- 
-S023D0216T- 
-S02380217T- 
-S022F0213T- 
-S0227020FT- 
-S02230210T- 
-S021A020AT- 
-S0217020AT- 
-S02130208T- 
-S020D0205T- 
-S020D0207T- 
-S02080203T- 
-S02060202T- 
-S02060203T- 
-S020101FFT- 
-S02020202T- 
-S01FF0200T- 
-S01FD01FET- 
-S01FF0201T- 
-S01FB01FDT- 
-S01FC01FFT- 
-S01FC0203T- 
-S01F90203T- 
-S01FD020AT- 
-S01FA0206T- 
-S01F80207T- 
-S01EF0207T- 
-S01D801FCT- 
-S01C701F8T- 
-S01B401EDT- 
-S01AF01E4T- 
-S01C001E8T- 
-S01D201E8T- 
-S01EC01F2T- 
closed fd - 0 
closed write_fd - 0 
