Serial Port : /dev/ttyUSB0 
 /dev/ttyUSB0 port opened 
-- 
-S024D02A5T- 
ECG Port is : /dev/ttyUSB0 
ECG Port is : /dev/ttyUSB0 3 
ECG Port is : /dev/ttyUSB0 3 
 /dev/ttyUSB0 port opened 
-S024D02A5T- 
-S025A02B3T- 
-S025402B1T- 
-S025302B1T- 
-S025302B1T- 
-S025302B1T- 
-S025302B1T- 
-S025302B0T- 
-S025202B0T- 
-S025202B0T- 
-S025202B0T- 
-S025202AFT- 
-S025202AFT- 
-S025102AFT- 
-S025102AFT- 
-S025102AFT- 
-S025102AET- 
-S025002AET- 
-S025002AET- 
-S025002AET- 
-S025002AET- 
-S025002B5T- 
-S024F02B6T- 
-S024F02B7T- 
-S024F02B6T- 
-S024F02B5T- 
-S024F02B5T- 
-S024F02B5T- 
-S024F02B5T- 
-S024E02B5T- 
-S024E02B4T- 
-S024E02B4T- 
-S024E02B4T- 
-S024D02B3T- 
-S024D02B3T- 
-S024E02B3T- 
-S024D02B3T- 
-S024D02B3T- 
-S024702B2T- 
-S023A02AET- 
-S022A02A8T- 
-S021C029FT- 
-S02160297T- 
-S02130292T- 
-S0211028DT- 
-S020C0289T- 
-S020C0285T- 
-S02170283T- 
-S022A0287T- 
-S023B028FT- 
-S02490297T- 
-S0254029FT- 
-S025902A6T- 
-S025E02A4T- 
-S025D02A6T- 
-S025A02A9T- 
-S025602AAT- 
-S025302AAT- 
-S025602AAT- 
-S026B02AET- 
-S022602B1T- 
-S014F0284T- 
-S011D021CT- 
-S012401B0T- 
-S01D601C3T- 
-S02810232T- 
-S02B50286T- 
-S02AF02AFT- 
-S029302BCT- 
-S027902BBT- 
-S026902B7T- 
-S025F02B3T- 
-S025902B0T- 
-S025602AFT- 
-S025402AET- 
-S024F02ADT- 
-S024202AAT- 
-S023502A4T- 
-S0229029DT- 
-S021E0296T- 
-S0215028FT- 
-S020D0288T- 
-S020B0281T- 
-S020C027DT- 
-S02080281T- 
-S02080280T- 
-S0204027ET- 
-S01FF027AT- 
-S01F80276T- 
-S01F00270T- 
-S01EA026AT- 
-S01EE0266T- 
-S01FB0266T- 
-S0208026AT- 
-S0213026FT- 
-S02210275T- 
-S0233027ET- 
-S02400288T- 
-S024A0290T- 
-S024D0298T- 
-S024F029CT- 
-S025002A0T- 
-S024E02A3T- 
-S024F02A4T- 
-S025102A7T- 
-S025102A9T- 
-S025502ABT- 
-S025A02AFT- 
-S025F02B3T- 
-S025F02B6T- 
-S025D02B7T- 
-S025B02B8T- 
-S025902B8T- 
-S025702B7T- 
-S025602B7T- 
-S025602B7T- 
-S025502B0T- 
-S025402ADT- 
-S025402ACT- 
-S025402ACT- 
-S025302ACT- 
-S025302ACT- 
-S025302ADT- 
-S025202ADT- 
-S025202ACT- 
-S025202ACT- 
-S025202ACT- 
-S025202ACT- 
-S025102ACT- 
-S025102ACT- 
-S025102ABT- 
-S025102ABT- 
-S025102ABT- 
-S025002ABT- 
-S025002ABT- 
-S025002ABT- 
-S025002ABT- 
-S025002AAT- 
-S025002AAT- 
-S024F02AAT- 
-S024F02AAT- 
-S024F02AAT- 
-S024F02AAT- 
-S024F02A9T- 
-S024F02A9T- 
-S024E02A9T- 
-S024E02A9T- 
-S024E02A9T- 
-S024E02B0T- 
-S024D02B2T- 
-S024D02B2T- 
-S024D02B1T- 
-S024D02B1T- 
-S024D02B1T- 
-S024D02B0T- 
-S024D02B0T- 
-S024C02B0T- 
-S024C02B0T- 
-S024C02AFT- 
-S024C02AFT- 
-S024C02AFT- 
-S024C02AFT- 
-S024C02AFT- 
-S024B02AET- 
-S024B02AET- 
-S024B02AET- 
-S024B02AET- 
-S024B02AET- 
-S024B02AET- 
-S024A02AET- 
-S024002ACT- 
-S023202A7T- 
-S0222029FT- 
-S02160297T- 
-S02130290T- 
-S020F028BT- 
-S020D0287T- 
-S02090282T- 
-S020C027FT- 
-S021C027FT- 
-S022F027ET- 
-S023E0284T- 
-S024B028CT- 
-S02540294T- 
-S0259029BT- 
-S025C02A0T- 
-S025A02A4T- 
-S025702A6T- 
-S025302A6T- 
-S025102A6T- 
-S025802A7T- 
-S026302AET- 
-S01E302A5T- 
-S01200261T- 
-S011D01ECT- 
-S013D019ET- 
-S021F01E4T- 
-S029B0251T- 
-S02B50294T- 
-S02A402B2T- 
-S028702B9T- 
-S027002B6T- 
-S026302B2T- 
-S025B02AFT- 
-S025602ADT- 
-S025302ABT- 
-S025102AAT- 
-S024902A9T- 
-S023B02A5T- 
-S022E029ET- 
-S02230297T- 
-S02190297T- 
-S02100292T- 
-S0209028BT- 
-S02090285T- 
-S02080282T- 
-S0206027ET- 
-S0204027BT- 
-S02010278T- 
-S01FC0275T- 
-S01F40270T- 
-S01EB026AT- 
-S01E80264T- 
-S01F00262T- 
-S01FE0263T- 
-S020A0268T- 
-S0215026DT- 
-S02260274T- 
-S0236027DT- 
-S02420287T- 
-S024A028FT- 
-S024B0296T- 
-S024E029AT- 
-S024E029ET- 
-S024C02A1T- 
-S024E02A3T- 
-S024F02A5T- 
-S025002A7T- 
-S025502A9T- 
-S025B02ADT- 
-S025E02B1T- 
-S025D02B3T- 
-S025B02B5T- 
-S025902AET- 
-S025702ABT- 
-S025602ABT- 
-S025402ABT- 
-S025402ABT- 
-S025302ABT- 
-S025302ABT- 
-S025202ABT- 
-S025202AAT- 
-S025202ABT- 
-S025202ABT- 
-S025102AAT- 
-S025102AAT- 
-S025102AAT- 
-S025102AAT- 
-S025102AAT- 
-S025102AAT- 
-S025002AAT- 
-S025002A9T- 
-S025002A9T- 
-S025002A9T- 
-S025002A9T- 
-S024F02A9T- 
-S024F02A9T- 
-S024F02A9T- 
-S024F02A8T- 
-S024F02A8T- 
-S024E02A8T- 
-S024E02A8T- 
-S024E02A8T- 
-S024E02A8T- 
-S024E02A8T- 
-S024D02AET- 
-S024D02B0T- 
-S024D02B0T- 
-S024D02B0T- 
-S024D02B0T- 
-S024D02AFT- 
-S024C02AFT- 
-S024C02AFT- 
-S024C02AFT- 
-S024C02AET- 
-S024C02AET- 
-S024C02AET- 
-S024B02ADT- 
-S024B02ADT- 
-S024B02ADT- 
-S024B02ADT- 
-S024B02ADT- 
-S024B02ADT- 
-S024A02ACT- 
-S024B02ACT- 
-S024A02ACT- 
-S024A02ACT- 
-S024A02ACT- 
-S024A02ACT- 
-S024A02ACT- 
-S024802ACT- 
-S023E02AAT- 
-S023002A4T- 
-S0220029DT- 
-S02150294T- 
-S0212028DT- 
-S020F0288T- 
-S020B027DT- 
-S02080277T- 
-S020C0274T- 
-S021E0275T- 
-S0231027BT- 
-S02400284T- 
-S024C028CT- 
-S02540294T- 
-S0259029AT- 
-S025B02A0T- 
-S025902A3T- 
-S025502A5T- 
-S025202A5T- 
-S025002A5T- 
-S025D02A6T- 
-S025302AET- 
-S01B0029AT- 
-S011E0246T- 
-S011F01CDT- 
-S017501A1T- 
-S024D0202T- 
-S02A80267T- 
-S02B2029FT- 
-S029B02B4T- 
-S027E02B7T- 
-S026B02B3T- 
-S025F02AFT- 
-S025802ACT- 
-S025402AAT- 
-S025202AAT- 
-S024F02A9T- 
-S024402AET- 
-S023602AAT- 
-S022902A3T- 
-S021F029CT- 
-S02150294T- 
-S020D028DT- 
-S02080286T- 
-S020A0281T- 
-S0207027FT- 
-S0206027BT- 
-S02020278T- 
-S01FF0275T- 
-S01F80271T- 
-S01F0026CT- 
-S01E80266T- 
-S01EA0261T- 
-S01F60261T- 
-S02030264T- 
-S020E0269T- 
-S021B026FT- 
-S022E0277T- 
-S023D0281T- 
-S0247028AT- 
-S024B0292T- 
-S024C0297T- 
-S024E029BT- 
-S024D029FT- 
-S024C02A0T- 
-S024F02A3T- 
-S024F02A5T- 
-S025302A7T- 
-S025802AAT- 
-S025D02A7T- 
-S025E02A8T- 
-S025C02AAT- 
-S025902ABT- 
-S025702ABT- 
-S025602ABT- 
-S025402ABT- 
-S025402ABT- 
-S025302AAT- 
-S025302AAT- 
-S025202AAT- 
-S025202AAT- 
-S025202AAT- 
-S025202AAT- 
-S025102A9T- 
-S025102A9T- 
-S025102A9T- 
-S025002A9T- 
-S025002A9T- 
-S025002A9T- 
-S025002A9T- 
-S025002A9T- 
-S024F02A8T- 
-S024F02A8T- 
-S024F02A8T- 
-S024F02A8T- 
-S024F02A8T- 
-S024F02A8T- 
-S024E02A8T- 
-S024E02A8T- 
-S024E02A7T- 
-S024E02A7T- 
-S024D02AET- 
-S024D02B0T- 
-S024D02B0T- 
-S024D02B0T- 
-S024D02AFT- 
-S024D02AFT- 
-S024C02AET- 
-S024C02AET- 
-S024C02AET- 
-S024C02AET- 
-S024C02AET- 
-S024C02AET- 
-S024C02ADT- 
-S024B02ADT- 
-S024B02ADT- 
-S024B02ADT- 
-S024B02ACT- 
-S024B02ACT- 
-S024B02ACT- 
-S024A02ACT- 
-S024B02ACT- 
-S024A02ACT- 
-S024A02ACT- 
-S024A02ACT- 
-S024A02ABT- 
-S024A02ABT- 
-S024A02ABT- 
-S024A02ABT- 
-S024902ABT- 
-S024902ABT- 
-S023E02A9T- 
-S023002A4T- 
-S02200295T- 
-S0214028AT- 
-S02120283T- 
-S020E027ET- 
-S020B027BT- 
-S02080277T- 
-S020E0274T- 
-S02210276T- 
-S0234027DT- 
-S02420286T- 
-S024E028ET- 
-S02540295T- 
-S025A029BT- 
-S025B02A0T- 
-S025802A3T- 
-S025402A4T- 
-S025102A5T- 
-S025102A4T- 
-S026302A7T- 
-S024202AET- 
-S0183028FT- 
-S011D0232T- 
-S012001BBT- 
-S019F01ABT- 
-S02660215T- 
-S02AE0273T- 
-S02AF02A4T- 
-S029502B5T- 
-S027A02B6T- 
-S026802B2T- 
-S025D02AET- 
-S025602B2T- 
-S025302B3T- 
-S025102B2T- 
-S024D02B1T- 
-S024102AET- 
-S023302A8T- 
-S022702A0T- 
-S021D029AT- 
-S02130292T- 
-S020B028BT- 
-S02080285T- 
-S02090280T- 
-S0206027DT- 
-S0205027AT- 
-S02010277T- 
-S01FD0274T- 
-S01F60270T- 
-S01EE026AT- 
-S01E70264T- 
-S01EB0260T- 
-S01F80260T- 
-S02040264T- 
-S0210026AT- 
-S021E026FT- 
-S02310278T- 
-S023E0282T- 
-S0248028BT- 
-S024A0292T- 
-S024D0297T- 
-S024E029CT- 
-S024C029ET- 
-S024D02A0T- 
-S024F029CT- 
-S024F029CT- 
-S0254029ET- 
-S025902A1T- 
-S025D02A5T- 
-S025D02A9T- 
-S025B02ABT- 
-S025902ABT- 
-S025702ABT- 
-S025502ABT- 
-S025402ABT- 
-S025302ABT- 
-S025302AAT- 
-S025202AAT- 
-S025202AAT- 
-S025202AAT- 
-S025102A9T- 
-S025102A9T- 
-S025102A9T- 
-S025102A9T- 
-S025102A9T- 
-S025002A9T- 
-S025002A9T- 
-S025002A8T- 
-S025002A8T- 
-S025002A8T- 
-S024F02A8T- 
-S024F02A8T- 
-S024F02A8T- 
-S024F02A8T- 
-S024F02A8T- 
-S024E02A7T- 
-S024E02AET- 
-S024E02B1T- 
-S024E02B0T- 
-S024E02B0T- 
-S024E02AFT- 
-S024D02AFT- 
-S024D02AFT- 
-S024D02AFT- 
-S024D02AFT- 
-S024C02AET- 
-S024C02AET- 
-S024C02AET- 
-S024C02ADT- 
-S024C02ADT- 
-S024C02ADT- 
-S024C02ADT- 
-S024B02ADT- 
-S024B02ADT- 
-S024B02ACT- 
-S024B02ACT- 
-S024B02ADT- 
-S024B02ACT- 
-S024B02ACT- 
-S024B02ACT- 
-S024A02ABT- 
-S024A02ABT- 
-S024A02ABT- 
-S024A02ABT- 
-S024A02ABT- 
-S024A02ABT- 
-S024A02ABT- 
-S024A02ABT- 
-S024A02A4T- 
-S024802A1T- 
-S023D02A0T- 
-S022F029AT- 
-S02200293T- 
-S0215028BT- 
-S02120284T- 
-S020E027FT- 
-S020B027BT- 
-S02080277T- 
-S020C0274T- 
-S021E0276T- 
-S0232027CT- 
-S02420285T- 
-S024D028DT- 
-S02540295T- 
-S025A029BT- 
-S025A02A1T- 
-S025702A3T- 
-S025402A4T- 
-S025002A4T- 
-S025302A4T- 
-S026802A8T- 
-S022002ABT- 
-S0146027CT- 
-S011C0214T- 
-S012401A8T- 
-S01DC01C0T- 
-S02820231T- 
-S02B30283T- 
-S02AA02AAT- 
-S028E02BDT- 
-S027402BET- 
-S026402BAT- 
-S025B02B6T- 
-S025602B4T- 
-S025202B2T- 
-S025102B1T- 
-S024B02B0T- 
-S023D02ACT- 
-S023002A6T- 
-S0224029ET- 
-S021A0297T- 
-S02110290T- 
-S020A0289T- 
-S02080283T- 
-S02080280T- 
-S0206027DT- 
-S0204027AT- 
-S02010276T- 
-S01FC0273T- 
-S01F4026ET- 
-S01EB0269T- 
-S01E70263T- 
-S01EE0260T- 
-S01FC0261T- 
-S02080265T- 
-S0213026BT- 
-S02240271T- 
-S0235027BT- 
-S02410284T- 
-S0249028DT- 
-S024A0293T- 
-S024D0291T- 
-S024E0293T- 
-S024B0295T- 
-S024E0297T- 
-S024F029AT- 
-S0250029CT- 
-S025402A0T- 
-S025B02A3T- 
-S025E02A7T- 
-S025D02A9T- 
-S025A02ABT- 
-S025802ABT- 
-S025602ABT- 
-S025502ABT- 
-S025402AAT- 
-S025302AAT- 
-S025202AAT- 
-S025202AAT- 
-S025202AAT- 
-S025102AAT- 
-S025102AAT- 
-S025102A9T- 
-S025102A9T- 
-S025102A9T- 
-S025002A9T- 
-S025102A9T- 
-S025002A9T- 
-S025002A9T- 
-S024F02A8T- 
-S024F02A8T- 
-S024F02A8T- 
-S024F02A8T- 
-S024F02AFT- 
-S024E02B0T- 
-S024E02B1T- 
-S024E02B0T- 
-S024E02B0T- 
-S024E02AFT- 
-S024E02AFT- 
-S024D02AFT- 
-S024D02AFT- 
-S024D02AET- 
-S024D02AET- 
-S024D02AET- 
-S024D02AET- 
-S024D02AET- 
-S024D02AET- 
-S024C02AET- 
-S024C02ADT- 
-S024C02ADT- 
-S024C02ADT- 
-S024B02ADT- 
-S024C02ADT- 
-S024B02ADT- 
-S024B02ACT- 
-S024B02ACT- 
-S024B02ACT- 
-S024B02ACT- 
-S024B02ACT- 
-S024B02ABT- 
-S024A02ABT- 
-S024A02ABT- 
-S024A02ABT- 
-S024A02ABT- 
-S024A02A4T- 
-S024A02A2T- 
-S024A02A1T- 
-S024A02A2T- 
-S024A02A2T- 
-S024702A2T- 
-S023A02A0T- 
-S022C029AT- 
-S021D0292T- 
-S0213028AT- 
-S02110284T- 
-S020E027FT- 
-S020A027BT- 
-S02080277T- 
-S020F0274T- 
-S02220276T- 
-S0234027DT- 
-S02420286T- 
-S024E028ET- 
-S02540295T- 
-S025A029CT- 
-S025A02A1T- 
-S025802A3T- 
-S025402A5T- 
-S025102A4T- 
-S025402A4T- 
-S026802A9T- 
-S020802A8T- 
-S0124026DT- 
-S011D01F8T- 
-S0134019DT- 
-S021901E6T- 
-S029B0259T- 
-S02B4029FT- 
-S02A102BBT- 
-S028302C0T- 
-S026D02BCT- 
-S026002B8T- 
-S025902B4T- 
-S025402B2T- 
-S025202B1T- 
-S024F02B0T- 
-S024502AET- 
-S023702A9T- 
-S022B02A2T- 
-S0220029BT- 
-S02160294T- 
-S020E028DT- 
-S02080286T- 
-S02090281T- 
-S0207027ET- 
-S0205027BT- 
-S02020278T- 
-S01FF0275T- 
-S01F90271T- 
-S01F0026CT- 
-S01E80266T- 
-S01E80261T- 
-S01F3025FT- 
-S02010262T- 
-S020D0267T- 
-S0219026DT- 
-S022C0274T- 
-S023B0277T- 
-S0245027ET- 
-S024A0286T- 
-S024C028CT- 
-S024E0291T- 
-S024D0294T- 
-S024C0297T- 
-S024E0299T- 
-S024F029CT- 
-S0252029ET- 
-S025702A1T- 
-S025D02A5T- 
-S025E02A8T- 
-S025C02AAT- 
-S025A02ABT- 
-S025702ABT- 
-S025602ABT- 
-S025502ABT- 
-S025402ABT- 
-S025302ABT- 
-S025202AAT- 
-S025202AAT- 
-S025202AAT- 
-S025102AAT- 
-S025102A9T- 
-S025102A9T- 
-S025102A9T- 
-S025102A9T- 
-S025002A9T- 
-S025002A9T- 
-S025002A8T- 
-S025002A8T- 
-S024F02AFT- 
-S024F02B2T- 
-S024F02B2T- 
-S024F02B1T- 
-S024F02B0T- 
-S024E02B0T- 
-S024E02B0T- 
-S024E02AFT- 
-S024E02AFT- 
-S024E02AET- 
-S024E02AFT- 
-S024D02AET- 
-S024D02AET- 
-S024D02AET- 
-S024D02AET- 
-S024D02AET- 
-S024D02AET- 
-S024C02ADT- 
-S024C02ADT- 
-S024C02ADT- 
-S024C02ADT- 
-S024C02ADT- 
-S024C02ADT- 
-S024B02ACT- 
-S024B02ADT- 
-S024B02ACT- 
-S024B02ACT- 
-S024B02ACT- 
-S024B02ACT- 
-S024B02ACT- 
-S024B02ACT- 
-S024B02ABT- 
-S024A02A4T- 
-S024A02A2T- 
-S024A02A2T- 
-S024A02A2T- 
-S024A02A2T- 
-S024A02A2T- 
-S024A02A2T- 
-S024A02A2T- 
-S024902A2T- 
-S024302A2T- 
-S0236029ET- 
-S02260297T- 
-S0218028FT- 
-S02120287T- 
-S02100282T- 
-S020D027DT- 
-S02090279T- 
-S02080275T- 
-S02140274T- 
-S02280279T- 
-S02390280T- 
-S02460289T- 
-S02500291T- 
-S02560298T- 
-S025B029ET- 
-S025A02A2T- 
-S025702A4T- 
-S025302A5T- 
-S025002A4T- 
-S025402A5T- 
-S026702AAT- 
-S020702AFT- 
-S01260279T- 
-S011D0209T- 
-S012B01A9T- 
-S01FF01D9T- 
-S02900249T- 
-S02B30294T- 
-S02A602B6T- 
-S028902BFT- 
-S027102BDT- 
-S026202B8T- 
-S025A02B5T- 
-S025502B2T- 
-S025202B1T- 
-S025002B0T- 
-S024602AFT- 
-S023802AAT- 
-S022B02A3T- 
-S0220029BT- 
-S02130291T- 
-S020A028AT- 
-S02080283T- 
-S0209027FT- 
-S0206027CT- 
-S02050279T- 
-S02010276T- 
-S01FC0273T- 
-S01F5026FT- 
-S01EC0269T- 
-S01E80264T- 
-S01ED0260T- 
-S01FA0260T- 
-S0206025ET- 
-S02120260T- 
-S02210266T- 
-S02330270T- 
-S023F027AT- 
-S02480283T- 
-S024A028AT- 
-S024D028FT- 
-S024E0294T- 
-S024B0297T- 
-S024D0298T- 
-S024F029BT- 
-S0250029DT- 
-S025402A0T- 
-S025A02A3T- 
-S025E02A7T- 
-S025D02A9T- 
-S025B02ABT- 
-S025802ABT- 
-S025602ABT- 
-S025502ABT- 
-S025402ABT- 
-S025302ABT- 
-S025302AAT- 
-S025202AAT- 
-S025202AAT- 
-S025102AAT- 
-S025102AAT- 
-S025102AAT- 
-S025102A9T- 
-S025102A9T- 
-S025002A9T- 
-S025002B0T- 
-S025002B2T- 
-S025002B2T- 
-S024F02B2T- 
-S024F02B1T- 
-S024F02B1T- 
-S024F02B0T- 
-S024F02B0T- 
-S024E02B0T- 
-S024F02B0T- 
-S024E02B0T- 
-S024E02AFT- 
-S024E02AFT- 
-S024E02AFT- 
-S024E02AFT- 
-S024D02AET- 
-S024D02AET- 
-S024D02AET- 
-S024D02AET- 
-S024C02AET- 
-S024D02AET- 
-S024C02ADT- 
-S024C02ADT- 
-S024B02ACT- 
-S024B02ACT- 
-S024A02ABT- 
-S024A02ABT- 
-S024A02ABT- 
-S024A02ABT- 
-S024A02ABT- 
-S024A02ABT- 
-S024A02ABT- 
-S024A02A4T- 
-S024A02A1T- 
-S024A02A1T- 
-S024A02A1T- 
-S024A02A1T- 
-S024902A1T- 
-S024102A1T- 
-S0234029DT- 
-S02230296T- 
-S0217028DT- 
-S02120286T- 
-S020F0281T- 
-S020C027CT- 
-S02080278T- 
-S02090274T- 
-S02170274T- 
-S022B0279T- 
-S023B0281T- 
-S0248028AT- 
-S02520291T- 
-S02570298T- 
-S025B029ET- 
-S025902A2T- 
-S025602A3T- 
-S025202A4T- 
-S025002A4T- 
-S025602A4T- 
-S026402ABT- 
-S01ED02A5T- 
-S01210263T- 
-S011D01EFT- 
-S013901A3T- 
-S021B01E9T- 
-S02990257T- 
-S02B4029CT- 
-S02A302B9T- 
-S028602BFT- 
-S026F02BCT- 
-S026102B8T- 
-S025902B4T- 
-S025402B2T- 
-S025102B0T- 
-S025002B0T- 
-S024702AFT- 
-S023902AAT- 
-S022D02A3T- 
-S0221029CT- 
-S02170295T- 
-S020F028ET- 
-S02080287T- 
-S02080281T- 
-S0207027ET- 
-S0205027BT- 
-S02030278T- 
-S01FF0274T- 
-S01F80270T- 
-S01F0026BT- 
-S01E80265T- 
-S01EA0260T- 
-S01F60260T- 
-S02040264T- 
-S020F0268T- 
-S021D026ET- 
-S02300270T- 
-S023D0277T- 
-S02470280T- 
-S024A0288T- 
-S024D028ET- 
-S024E0292T- 
-S024C0295T- 
-S024C0297T- 
-S024F029AT- 
-S024F029CT- 
-S0253029ET- 
-S025802A2T- 
-S025D02A6T- 
-S025D02A9T- 
-S025B02AAT- 
-S025902ABT- 
-S025702ABT- 
-S025502ABT- 
-S025402ABT- 
-S025402ABT- 
-S025302AAT- 
-S025202AAT- 
-S025202AAT- 
-S025202AAT- 
-S025102A9T- 
-S025102A9T- 
-S025102A9T- 
-S025002A9T- 
-S025002A9T- 
-S025002A9T- 
-S025002A9T- 
-S025002A8T- 
-S025002AFT- 
-S024F02B1T- 
-S024F02B1T- 
-S024F02B0T- 
-S024F02B0T- 
-S024E02B0T- 
-S024E02AFT- 
-S024E02AFT- 
-S024E02AFT- 
-S024E02AFT- 
-S024E02AFT- 
-S024D02AFT- 
-S024E02AET- 
-S024D02AET- 
-S024D02AET- 
-S024D02AET- 
-S024D02AET- 
-S024D02ADT- 
-S024C02ADT- 
-S024C02ADT- 
-S024C02ADT- 
-S024C02ADT- 
-S024C02ADT- 
-S024C02ADT- 
-S024C02ACT- 
-S024B02ACT- 
-S024B02ACT- 
-S024B02ACT- 
-S024B02ACT- 
-S024B02ACT- 
-S024A02ABT- 
-S024A02ABT- 
-S024A02A4T- 
-S024A02A2T- 
-S024A02A2T- 
-S024A02A2T- 
-S024A02A2T- 
-S024A02A2T- 
-S024A02A2T- 
-S024A02A2T- 
-S024A02A2T- 
-S024902A2T- 
-S023E02A1T- 
-S0231029CT- 
-S02210294T- 
-S0215028CT- 
-S02120285T- 
-S020E0280T- 
-S020B027CT- 
-S02080278T- 
-S020B0274T- 
-S021B0275T- 
-S022E027BT- 
-S023E0283T- 
-S024A028BT- 
-S02530293T- 
-S02580299T- 
-S025B029FT- 
-S025802A2T- 
-S025502A4T- 
-S025202A4T- 
-S024F02A4T- 
-S025A02A5T- 
-S025A02B3T- 
-S01C502A6T- 
-S011F025AT- 
-S011E01E1T- 
-S015A01A6T- 
-S023B01FDT- 
-S02A30266T- 
-S02B302A3T- 
-S029E02BBT- 
-S028102BFT- 
-S026C02BBT- 
-S025F02B6T- 
-S025802B4T- 
-S025402B2T- 
-S025202B1T- 
-S024F02AFT- 
-S024402AET- 
-S023702A9T- 
-S022A02A2T- 
-S021F029AT- 
-S02160294T- 
-S020D028CT- 
-S02080285T- 
-S02090281T- 
-S0206027ET- 
-S0205027AT- 
-S02020277T- 
-S01FF0274T- 
-S01F80270T- 
-S01F0026BT- 
-S01E80266T- 
-S01E90260T- 
-S01F40258T- 
-S02020259T- 
-S020E025ET- 
-S021B0264T- 
-S022E026DT- 
-S023D0278T- 
-S02470281T- 
-S024A0289T- 
-S024D028FT- 
-S024E0293T- 
-S024B0296T- 
-S024D0298T- 
-S024F029BT- 
-S0250029DT- 
-S025402A0T- 
-S025A02A3T- 
-S025E02A7T- 
-S025D02AAT- 
-S025B02ABT- 
-S025802ACT- 
-S025602ABT- 
-S025502ABT- 
-S025402AAT- 
-S025302AAT- 
-S025302AAT- 
-S025202AAT- 
-S025202AAT- 
-S025102AAT- 
-S025102A9T- 
-S025102A9T- 
-S025102A9T- 
-S025002A9T- 
-S025002B0T- 
-S025002B2T- 
-S025002B2T- 
-S025002B2T- 
-S025002B1T- 
-S024F02B1T- 
-S024F02B0T- 
-S024F02B0T- 
-S024F02B0T- 
-S024E02B0T- 
-S024E02B0T- 
-S024E02B0T- 
-S024E02AFT- 
-S024E02AFT- 
-S024E02AFT- 
-S024E02AFT- 
-S024E02AET- 
-S024D02AET- 
-S024D02AET- 
-S024D02AET- 
-S024D02AET- 
-S024C02ADT- 
-S024C02ADT- 
-S024C02ADT- 
-S024C02ADT- 
-S024C02ADT- 
-S024B02ACT- 
-S024B02ACT- 
-S024B02ACT- 
-S024B02ACT- 
-S024B02ACT- 
-S024B02ACT- 
-S024B02A5T- 
-S024B02A2T- 
-S024B02A2T- 
-S024B02A2T- 
-S024A02A2T- 
-S024A02A2T- 
-S024A02A2T- 
-S024A02A2T- 
-S024A02A3T- 
-S024902A2T- 
-S024902A2T- 
-S024902A2T- 
-S024902A2T- 
-S024702A2T- 
-S023B02A0T- 
-S022D029BT- 
-S021E0293T- 
-S0214028BT- 
-S02110284T- 
-S020E027FT- 
-S020A027BT- 
-S02080277T- 
-S020E0274T- 
-S02200276T- 
-S0233027DT- 
-S02420285T- 
-S024D028DT- 
-S02530295T- 
-S0259029BT- 
-S025A02A0T- 
-S025802A3T- 
-S025402ABT- 
-S025102AET- 
-S025102AET- 
-S026202AFT- 
-S024302B6T- 
-S01890298T- 
-S011D023BT- 
-S012001C4T- 
-S019B01B1T- 
-S0263021BT- 
-S02AD027AT- 
-S02AF02ABT- 
-S029602BDT- 
-S027A02BET- 
-S026802BAT- 
-S025D02B6T- 
-S025702B3T- 
-S025302B1T- 
-S025102B0T- 
-S024D02AFT- 
-S024102ADT- 
-S023402A7T- 
-S022702A0T- 
-S021D0299T- 
-S02140292T- 
-S020B028AT- 
-S02080284T- 
-S02090280T- 
-S0206027CT- 
-S02050279T- 
-S02010276T- 
-S01FD0273T- 
-S01F60268T- 
-S01EE0261T- 
-S01E8025BT- 
-S01EB0257T- 
-S01F70257T- 
-S0204025BT- 
-S02100260T- 
-S021E0267T- 
-S0230026FT- 
-S023E0279T- 
-S02470282T- 
-S024A0289T- 
-S024C028ET- 
-S024E0293T- 
-S024C0296T- 
-S024C0298T- 
-S024F029BT- 
-S024F029DT- 
-S025402A0T- 
-S025B02A3T- 
-S025E02A7T- 
-S025D02AAT- 
-S025A02ABT- 
-S025802ACT- 
-S025602ACT- 
-S025502ABT- 
-S025302ABT- 
-S025302AAT- 
-S025202AAT- 
-S025202AAT- 
-S025202AAT- 
-S025102AAT- 
-S025102B0T- 
-S025102B2T- 
-S025002B2T- 
-S025002B2T- 
-S025002B1T- 
-S025002B1T- 
-S025002B1T- 
-S024F02B1T- 
-S025002B1T- 
-S024F02B0T- 
-S024F02B0T- 
-S024F02B0T- 
-S024F02AFT- 
-S024E02AFT- 
-S024E02AFT- 
-S024E02AFT- 
-S024E02AFT- 
-S024E02AFT- 
-S024E02AET- 
-S024D02AET- 
-S024D02AET- 
-S024D02AET- 
-S024D02AET- 
-S024D02AET- 
-S024D02ADT- 
-S024C02ADT- 
-S024C02ADT- 
-S024C02ADT- 
-S024C02ACT- 
-S024C02ACT- 
-S024C02ACT- 
-S024B02ACT- 
-S024B02A5T- 
-S024B02A3T- 
-S024B02A3T- 
-S024B02A3T- 
-S024B02A3T- 
-S024B02A3T- 
-S024B02A3T- 
-S024A02A3T- 
-S024A02A3T- 
-S024A02A3T- 
-S024A02A3T- 
-S024A02A3T- 
-S024A02A3T- 
-S024A02A3T- 
-S024A02A3T- 
-S024902A3T- 
-S024902A2T- 
-S024402A2T- 
-S0237029ET- 
-S02270298T- 
-S0219028FT- 
-S02120287T- 
-S02100282T- 
-S020D027ET- 
-S0208027AT- 
-S02080276T- 
-S02140275T- 
-S02280279T- 
-S02390280T- 
-S02460289T- 
-S02510290T- 
-S0256029ET- 
-S025B02A7T- 
-S025A02ABT- 
-S025702ADT- 
-S025302ADT- 
-S025002ADT- 
-S025402ADT- 
-S026702B2T- 
-S020F02B1T- 
-S012D027CT- 
-S011C020ET- 
-S012801AAT- 
-S01F301D3T- 
-S028B0243T- 
-S02B30291T- 
-S02A802B5T- 
-S028A02BFT- 
-S027202BDT- 
-S026302B8T- 
-S025A02B5T- 
-S025502B2T- 
-S025202B0T- 
-S025002B0T- 
-S024902AFT- 
-S023C02ABT- 
-S022F02A5T- 
-S0223029DT- 
-S021A0296T- 
-S0210028ET- 
-S02090287T- 
-S02080282T- 
-S0208027FT- 
-S02050275T- 
-S0204026FT- 
-S0200026CT- 
-S01FB0269T- 
-S01F40265T- 
-S01EB025FT- 
-S01E7025AT- 
-S01EF0257T- 
-S01FD0259T- 
-S0208025DT- 
-S02140263T- 
-S0225026AT- 
-S02360273T- 
-S0242027DT- 
-S024A0285T- 
-S024B028CT- 
-S024E0290T- 
-S024E0294T- 
-S024B0297T- 
-S024E0299T- 
-S024F029CT- 
-S0250029ET- 
-S025502A0T- 
-S025B02A4T- 
-S025E02A8T- 
-S025D02AAT- 
-S025A02ABT- 
-S025802ABT- 
-S025602ABT- 
-S025502ABT- 
-S025302ABT- 
-S025302ABT- 
-S025202B1T- 
-S025202B4T- 
-S025102B4T- 
-S025102B2T- 
-S025102B2T- 
-S025102B2T- 
-S025002B2T- 
-S025102B1T- 
-S025002B1T- 
-S025002B1T- 
-S025002B1T- 
-S024F02B0T- 
-S024F02B0T- 
-S024F02B0T- 
-S024F02B0T- 
-S024F02B0T- 
-S024E02AFT- 
-S024E02AFT- 
-S024E02AFT- 
-S024E02AFT- 
-S024E02AFT- 
-S024E02AET- 
-S024D02AET- 
-S024D02AET- 
-S024D02AET- 
-S024D02AET- 
-S024D02AET- 
-S024D02ADT- 
-S024C02ADT- 
-S024C02ADT- 
-S024C02ADT- 
-S024C02ADT- 
-S024C02A6T- 
-S024C02A3T- 
-S024C02A3T- 
-S024B02A3T- 
-S024B02A4T- 
-S024B02A4T- 
-S024B02A3T- 
-S024B02A4T- 
-S024B02A4T- 
-S024B02A3T- 
-S024A02A3T- 
-S024A02A3T- 
-S024A02A3T- 
-S024A02A3T- 
-S024A02A3T- 
-S024A02A3T- 
-S024A02A3T- 
-S024A02A3T- 
-S024902A2T- 
-S024902A2T- 
-S024802A3T- 
-S023D02A1T- 
-S022F029CT- 
-S02200294T- 
-S0214028CT- 
-S02120284T- 
-S020E0280T- 
-S020B027CT- 
-S02080278T- 
-S020C0274T- 
-S021D0276T- 
-S02300283T- 
-S023F028DT- 
-S024B0295T- 
-S0253029DT- 
-S025902A3T- 
-S025A02A8T- 
-S025802ABT- 
-S025502ACT- 
-S025102ACT- 
-S024F02ACT- 
-S025C02ADT- 
-S025302B5T- 
-S01B002A1T- 
-S011E024DT- 
-S011E01D5T- 
-S017101A8T- 
-S024B0208T- 
-S02A7026DT- 
-S02B102A6T- 
-S029B02BBT- 
-S027E02BET- 
-S026A02BAT- 
-S025E02B6T- 
-S025802B3T- 
-S025402B1T- 
-S025102B0T- 
-S024F02B0T- 
-S024302ADT- 
-S023602A8T- 
-S022902A1T- 
-S021F029AT- 
-S02150293T- 
-S020D0285T- 
-S0208027CT- 
-S02090277T- 
-S02070274T- 
-S02060271T- 
-S0202026FT- 
-S01FE026CT- 
-S01F80268T- 
-S01EF0263T- 
-S01E8025DT- 
-S01E90258T- 
-S01F50257T- 
-S0203025BT- 
-S020E0260T- 
-S021B0266T- 
-S022E026ET- 
-S023C0278T- 
-S02460281T- 
-S024A0289T- 
-S024C028ET- 
-S024E0293T- 
-S024C0296T- 
-S024C0298T- 
-S024E029AT- 
-S024E029CT- 
-S0252029FT- 
-S025702A2T- 
-S025D02A6T- 
-S025D02A9T- 
-S025C02ABT- 
-S025902ACT- 
-S025702ABT- 
-S025502B2T- 
-S025402B4T- 
-S025302B4T- 
-S025302B4T- 
-S025202B3T- 
-S025202B3T- 
-S025102B3T- 
-S025102B2T- 
-S025102B2T- 
-S025102B2T- 
-S025002B1T- 
-S025002B1T- 
-S025002B0T- 
-S025002B0T- 
-S025002B0T- 
-S024F02B0T- 
-S024F02B0T- 
-S024F02B0T- 
-S024F02B0T- 
-S024F02AFT- 
-S024F02AFT- 
-S024E02AFT- 
-S024E02AFT- 
-S024E02AET- 
-S024E02AET- 
-S024E02AET- 
-S024D02AET- 
-S024D02AET- 
-S024D02ADT- 
-S024D02ADT- 
-S024D02ADT- 
-S024D02ADT- 
-S024C02A6T- 
-S024C02A3T- 
-S024B02A3T- 
-S024A02A4T- 
-S024A02A4T- 
-S024A02A4T- 
-S024A02A4T- 
-S024A02A3T- 
-S024A02A3T- 
-S024A02A3T- 
-S024A02A3T- 
-S024A02A3T- 
-S024902A3T- 
-S024902A3T- 
-S024902A3T- 
-S023F02A2T- 
-S0232029DT- 
-S02220296T- 
-S0216028DT- 
-S02120286T- 
-S020E0281T- 
-S020C027DT- 
-S02080279T- 
-S020A0275T- 
-S021A0275T- 
-S022D027BT- 
-S023D0283T- 
-S0249028BT- 
-S02520293T- 
-S0258029AT- 
-S025A029FT- 
-S025902AAT- 
-S025502AET- 
-S025202AET- 
-S024F02AET- 
-S025802AET- 
-S025E02B5T- 
-S01D102A8T- 
-S011F025ET- 
-S011D01E6T- 
-S015001A4T- 
-S023301F8T- 
-S02A00262T- 
-S02B302A1T- 
-S029F02BAT- 
-S028102BFT- 
-S026C02BBT- 
-S026002B7T- 
-S025802B4T- 
-S025402B2T- 
-S025102B0T- 
-S024F02B0T- 
-S024502AET- 
-S023702A9T- 
-S022B02A2T- 
-S0220029BT- 
-S02160294T- 
-S020E028CT- 
-S02080286T- 
-S02090281T- 
-S0207027ET- 
-S0205027AT- 
-S02020278T- 
-S01FF026ET- 
-S01F90268T- 
-S01F00262T- 
-S01E8025DT- 
-S01E80258T- 
-S01F20257T- 
-S0201025AT- 
-S020C025FT- 
-S02190265T- 
-S022B026DT- 
-S023A0276T- 
-S0245027FT- 
-S024A0288T- 
-S024B028DT- 
-S024E0292T- 
-S024C0296T- 
-S024B0298T- 
-S024E029AT- 
-S024E029CT- 
-S0252029ET- 
-S025602A1T- 
-S025C02A5T- 
-S025D02A8T- 
-S025C02AAT- 
-S025902ABT- 
-S025702ACT- 
-S025602ABT- 
-S025402ABT- 
-S025402ABT- 
-S025302ABT- 
-S025202ABT- 
-S025202ABT- 
-S025202B2T- 
-S025102B3T- 
-S025102B3T- 
-S025102B2T- 
-S025002B2T- 
-S025002B2T- 
-S025002B1T- 
-S025002B1T- 
-S025002B1T- 
-S025002B1T- 
-S024F02B1T- 
-S024F02B0T- 
-S024F02B0T- 
-S024F02B0T- 
-S024E02B0T- 
-S024E02B0T- 
-S024E02B0T- 
-S024E02AFT- 
-S024E02AFT- 
-S024E02AFT- 
-S024E02AFT- 
-S024D02AFT- 
-S024D02AFT- 
-S024D02AET- 
-S024D02AET- 
-S024D02ADT- 
-S024D02ADT- 
-S024D02ADT- 
-S024C02ADT- 
-S024C02ADT- 
-S024C02ADT- 
-S024C02ACT- 
-S024B02A5T- 
-S024B02A3T- 
-S024C02A3T- 
-S024B02A3T- 
-S024B02A3T- 
-S024B02A3T- 
-S024B02A3T- 
-S024B02A3T- 
-S024B02A3T- 
-S024A02A3T- 
-S024A02A3T- 
-S024A02A3T- 
-S024A02A3T- 
-S024A02A3T- 
-S024A02A3T- 
-S024A02A2T- 
-S024902A3T- 
-S024902A3T- 
-S024802A3T- 
-S023D02A1T- 
-S0230029CT- 
-S02200294T- 
-S0214028CT- 
-S02120285T- 
-S020E0280T- 
-S020B027CT- 
-S02080278T- 
-S020C0274T- 
-S021D0276T- 
-S0230027CT- 
-S023F0284T- 
-S024B0293T- 
-S0253029DT- 
-S025902A4T- 
-S025A02A9T- 
-S025802ACT- 
-S025502ACT- 
-S025102ADT- 
-S025002ADT- 
-S025D02AET- 
-S025202B6T- 
-S01A8029FT- 
-S011E024AT- 
-S011E01D1T- 
-S017C01AAT- 
-S0252020DT- 
-S02A90271T- 
-S02B102A8T- 
-S029A02BCT- 
-S027D02BET- 
-S026902BAT- 
-S025E02B6T- 
-S025702B3T- 
-S025302B1T- 
-S025102B0T- 
-S024E02AFT- 
-S024202ADT- 
-S023502A8T- 
-S022902A1T- 
-S021E029AT- 
-S02150292T- 
-S020C028BT- 
-S02080284T- 
-S02090279T- 
-S02060273T- 
-S02050270T- 
-S0202026ET- 
-S01FE026BT- 
-S01F70267T- 
-S01EF0262T- 
-S01E8025CT- 
-S01EA0258T- 
-S01F60258T- 
-S0203025BT- 
-S020F0260T- 
-S021C0266T- 
-S022F026FT- 
-S023D0278T- 
-S02470281T- 
-S024A0289T- 
-S024C028ET- 
-S024E0293T- 
-S024C0296T- 
-S024C0298T- 
-S024F029AT- 
-S024F029DT- 
-S0253029FT- 
-S025802A2T- 
-S025D02A6T- 
-S025D02A9T- 
-S025B02ABT- 
-S025902ACT- 
-S025702ACT- 
-S025502ACT- 
-S025402ACT- 
-S025302B2T- 
-S025202B4T- 
-S025202B4T- 
-S025202B3T- 
-S025202B3T- 
-S025102B2T- 
-S025102B2T- 
-S025002B2T- 
-S025002B1T- 
-S025002B1T- 
-S025002B1T- 
-S025002B1T- 
-S025002B1T- 
-S025002B0T- 
-S024F02B0T- 
-S024F02B0T- 
-S024F02B0T- 
-S024F02B0T- 
-S024F02AFT- 
-S024E02AFT- 
-S024E02AFT- 
-S024E02AFT- 
-S024E02AFT- 
-S024E02AFT- 
-S024D02AFT- 
-S024D02AET- 
-S024D02AET- 
-S024D02AET- 
-S024D02AET- 
-S024D02AET- 
-S024D02AET- 
-S024C02ADT- 
-S024C02A6T- 
-S024C02A3T- 
-S024C02A3T- 
-S024C02A3T- 
-S024C02A4T- 
-S024C02A4T- 
-S024C02A4T- 
-S024B02A4T- 
-S024B02A4T- 
-S024B02A4T- 
-S024B02A3T- 
-S024B02A3T- 
-S024B02A3T- 
-S024B02A3T- 
-S024A02A3T- 
-S024A02A3T- 
-S024A02A3T- 
-S024A02A3T- 
-S024A02A3T- 
-S024A02A3T- 
-S024902A3T- 
-S024902A3T- 
-S024502A2T- 
-S0238029FT- 
-S02290299T- 
-S021B0291T- 
-S02130289T- 
-S02100283T- 
-S020D027ET- 
-S0209027AT- 
-S02080276T- 
-S0211027BT- 
-S02250281T- 
-S02360288T- 
-S02440290T- 
-S024F0298T- 
-S0255029FT- 
-S025A02A5T- 
-S025A02A9T- 
-S025702ACT- 
-S025302ADT- 
-S025002ADT- 
-S025202ACT- 
-S026702B0T- 
-S022802B4T- 
-S01550289T- 
-S011C0222T- 
-S012301B3T- 
-S01CF01C2T- 
-S027B0232T- 
-S02B10288T- 
-S02AB02B1T- 
-S028F02BET- 
-S027602BDT- 
-S026502B9T- 
-S025B02B5T- 
-S025602B2T- 
-S025302B1T- 
-S025102B0T- 
-S024C02AFT- 
-S023E02ABT- 
-S023102A6T- 
-S0225029ET- 
-S021B0290T- 
-S02120287T- 
-S020A027FT- 
-S0208027AT- 
-S02090276T- 
-S02060273T- 
-S02050271T- 
-S0201026ET- 
-S01FC026AT- 
-S01F40266T- 
-S01EC0261T- 
-S01E7025BT- 
-S01ED0258T- 
-S01FB0258T- 
-S0207025DT- 
-S02130262T- 
-S02220268T- 
-S02330271T- 
-S0240027BT- 
-S02490284T- 
-S024A028BT- 
-S024D0290T- 
-S024E0294T- 
-S024B0297T- 
-S024D0298T- 
-S024F029BT- 
-S0250029DT- 
-S025402A0T- 
-S025A02A3T- 
-S025D02A7T- 
-S025D02AAT- 
-S025B02ABT- 
-S025802B3T- 
-S025602B5T- 
-S025502B5T- 
-S025402B4T- 
-S025302B4T- 
-S025202B3T- 
-S025202B3T- 
-S025202B2T- 
-S025102B2T- 
-S025102B2T- 
-S025102B1T- 
-S025102B1T- 
-S025002B1T- 
-S025002B1T- 
-S025002B1T- 
-S025002B0T- 
-S025002B0T- 
-S024F02B0T- 
-S024F02B0T- 
-S024F02B0T- 
-S024F02B0T- 
-S024E02B0T- 
-S024E02AFT- 
-S024E02AFT- 
-S024E02AET- 
-S024E02AFT- 
-S024E02AFT- 
-S024E02AET- 
-S024E02AET- 
-S024D02AET- 
-S024D02AET- 
-S024D02AET- 
-S024D02A7T- 
-S024D02A5T- 
-S024D02A4T- 
-S024C02A4T- 
-S024C02A4T- 
-S024C02A4T- 
-S024C02A5T- 
-S024C02A5T- 
-S024C02A5T- 
-S024C02A4T- 
-S024C02A4T- 
-S024B02A4T- 
-S024B02A4T- 
-S024B02A4T- 
-S024B02A4T- 
-S024B02A4T- 
-S024A02A4T- 
-S024A02A3T- 
-S024B02A3T- 
-S024A02A3T- 
-S024A02A3T- 
-S024A02A3T- 
-S024A02A3T- 
-S024A02A3T- 
-S024A02A3T- 
-S024902A3T- 
-S024502A2T- 
-S0237029FT- 
-S02230296T- 
-S0216028DT- 
-S02120286T- 
-S020E0288T- 
-S020C0286T- 
-S02080282T- 
-S020A027ET- 
-S0219027ET- 
-S022D0283T- 
-S023C028BT- 
-S02490293T- 
-S0252029BT- 
-S025702A1T- 
-S025A02A7T- 
-S025902AAT- 
-S025502ACT- 
-S025202ACT- 
-S024F02ACT- 
-S025802ADT- 
-S026002B4T- 
-S01D602A8T- 
-S011F025FT- 
-S011D01E9T- 
-S014B01A4T- 
-S023001F5T- 
-S02A0025FT- 
-S02B3029FT- 
-S02A002B9T- 
-S028202BFT- 
-S026D02BBT- 
-S026002B7T- 
-S025902B4T- 
-S025402B2T- 
-S025202B0T- 
-S025002B0T- 
-S024502A7T- 
-S023802A0T- 
-S022B0299T- 
-S02200292T- 
-S0217028BT- 
-S020E0284T- 
-S0208027DT- 
-S02090278T- 
-S02070275T- 
-S02050272T- 
-S0202026FT- 
-S01FF026CT- 
-S01F90269T- 
-S01F10264T- 
-S01E9025ET- 
-S01E80259T- 
-S01F30258T- 
-S0201025BT- 
-S020C025FT- 
-S02190265T- 
-S022B026DT- 
-S023A0277T- 
-S02450280T- 
-S024A0288T- 
-S024B028DT- 
-S024E0292T- 
-S024D0296T- 
-S024B0298T- 
-S024E029AT- 
-S024E029CT- 
-S0252029FT- 
-S025602A2T- 
-S025C02ACT- 
-S025E02B2T- 
-S025C02B4T- 
-S025902B5T- 
-S025702B4T- 
-S025602B4T- 
-S025502B4T- 
-S025302B3T- 
-S025302B3T- 
-S025202B3T- 
-S025202B2T- 
-S025202B2T- 
-S025102B2T- 
-S025102B1T- 
-S025002B1T- 
-S025002B1T- 
-S025002B1T- 
-S025002B0T- 
-S025002B0T- 
-S025002B1T- 
-S024F02B0T- 
-S024F02B0T- 
-S024F02B0T- 
-S024F02AFT- 
-S024F02AFT- 
-S024E02AFT- 
-S024E02AFT- 
-S024E02AET- 
-S024E02AFT- 
-S024E02AET- 
-S024E02AET- 
-S024E02AET- 
-S024D02A7T- 
-S024D02A5T- 
-S024D02A4T- 
-S024D02A4T- 
-S024D02A4T- 
-S024D02A5T- 
-S024C02A5T- 
-S024C02A5T- 
-S024C02A5T- 
-S024C02A5T- 
-S024C02A5T- 
-S024C02A4T- 
-S024C02A4T- 
-S024B02A4T- 
-S024B02A4T- 
-S024B02A4T- 
-S024B02A4T- 
-S024B02A4T- 
-S024B02A3T- 
-S024B02A4T- 
-S024B02A3T- 
-S024A02A4T- 
-S024A02A3T- 
-S024A02A4T- 
-S024A02A3T- 
-S024A02A3T- 
-S024A02A3T- 
-S024A02A3T- 
-S024A02A3T- 
-S024902A3T- 
-S024202A2T- 
-S023502A5T- 
-S022502A0T- 
-S02160296T- 
-S0212028FT- 
-S020E0289T- 
-S020B0285T- 
-S02080280T- 
-S020C027DT- 
-S021F027ET- 
-S02320285T- 
-S0241028DT- 
-S024D0295T- 
-S0254029ET- 
-S025902A4T- 
-S025A02A9T- 
-S025702ABT- 
-S025302ACT- 
-S025002ACT- 
-S025202ACT- 
-S026702AFT- 
-S022E02B4T- 
-S015F028BT- 
-S011C0226T- 
-S012201B5T- 
-S01CB01C0T- 
-S027A0230T- 
-S02B10286T- 
-S02AB02B0T- 
-S028F02BDT- 
-S027602BCT- 
-S026502B8T- 
-S025C02B4T- 
-S025602ABT- 
-S025302A7T- 
-S025102A6T- 
-S024C02A6T- 
-S023E02A3T- 
-S0231029CT- 
-S02250296T- 
-S021B028ET- 
-S02120288T- 
-S020A0281T- 
-S0208027BT- 
-S02090277T- 
-S02060274T- 
-S02050271T- 
-S0201026DT- 
-S01FC026AT- 
-S01F50267T- 
-S01EC0261T- 
-S01E7025BT- 
-S01ED0258T- 
-S01FA0259T- 
-S0207025DT- 
-S02120262T- 
-S02220269T- 
-S02330272T- 
-S0240027BT- 
-S02490284T- 
-S024A028BT- 
-S024D0290T- 
-S024E0294T- 
-S024B0297T- 
-S024D0299T- 
-S024F02A2T- 
-S024F02A7T- 
-S025402A9T- 
-S025A02ACT- 
-S025D02B0T- 
-S025D02B2T- 
-S025A02B4T- 
-S025802B4T- 
-S025602B4T- 
-S025502B4T- 
-S025402B3T- 
-S025302B3T- 
-S025202B3T- 
-S025202B2T- 
-S025202B2T- 
-S025102B2T- 
-S025102B2T- 
-S025102B2T- 
-S025002B1T- 
-S025002B1T- 
-S025002B1T- 
-S025002B1T- 
-S025002B0T- 
-S025002B0T- 
-S024F02B0T- 
-S024F02B0T- 
-S024F02B0T- 
-S024F02AFT- 
-S024F02AFT- 
-S024F02AFT- 
-S024E02AFT- 
-S024E02AFT- 
-S024E02A8T- 
-S024E02A5T- 
-S024E02A5T- 
-S024E02A5T- 
-S024E02A5T- 
-S024D02A5T- 
-S024D02A5T- 
-S024D02A5T- 
-S024D02A5T- 
-S024C02A5T- 
-S024C02A5T- 
-S024C02A5T- 
-S024B02A4T- 
-S024B02A4T- 
-S024A02A4T- 
-S024A02A4T- 
-S024A02A4T- 
-S024A02A4T- 
-S024A02A4T- 
-S024A02A4T- 
-S024A02A4T- 
-S024A02A3T- 
-S024A02A3T- 
-S024902A3T- 
-S024902A3T- 
-S024902A3T- 
-S024902A3T- 
-S023F02A2T- 
-S0231029DT- 
-S02210295T- 
-S0215028DT- 
-S0212028CT- 
-S020E028AT- 
-S020B0286T- 
-S02080281T- 
-S020A027DT- 
-S021B027ET- 
-S022E0284T- 
-S023E028CT- 
-S024A0294T- 
-S0253029CT- 
-S025802A2T- 
-S025B02A7T- 
-S025902ABT- 
-S025402ADT- 
-S025102ADT- 
-S025002ACT- 
-S025F02AET- 
-S024702B6T- 
-S018A0298T- 
-S011D0239T- 
-S012001C0T- 
-S01B001B8T- 
-S02710228T- 
-S02B00282T- 
-S02AD02AFT- 
-S029202BET- 
-S027702BET- 
-S026602B9T- 
-S025C02B5T- 
-S025602B3T- 
-S025302B1T- 
-S025102B0T- 
-S024C02A8T- 
-S023F02A3T- 
-S0232029DT- 
-S02260296T- 
-S021C028FT- 
-S02120288T- 
-S020A0281T- 
-S0208027BT- 
-S02090277T- 
-S02060274T- 
-S02050271T- 
-S0201026ET- 
-S01FD026BT- 
-S01F50267T- 
-S01EC0262T- 
-S01E7025CT- 
-S01EC0258T- 
-S01F90259T- 
-S0206025DT- 
-S02110262T- 
-S02200268T- 
-S02320271T- 
-S023F027BT- 
-S02480284T- 
-S024A028BT- 
-S024D0290T- 
-S024E0294T- 
-S024B0297T- 
-S024D0299T- 
-S024F029CT- 
-S024F029DT- 
-S025402A0T- 
-S025902AAT- 
-S025E02B0T- 
-S025D02B3T- 
-S025B02B4T- 
-S025802B5T- 
-S025602B4T- 
-S025502B4T- 
-S025402B3T- 
-S025302B3T- 
-S025202B3T- 
-S025202B2T- 
-S025202B2T- 
-S025102B2T- 
-S025102B2T- 
-S025102B2T- 
-S025102B1T- 
-S025002B1T- 
-S025002B1T- 
-S025002B1T- 
-S025002B0T- 
-S025002B0T- 
-S024F02B0T- 
-S024F02B0T- 
-S024F02AFT- 
-S024F02AFT- 
-S024F02AFT- 
-S024E02AFT- 
-S024E02AFT- 
-S024E02AFT- 
-S024E02AFT- 
-S024E02AET- 
-S024D02AET- 
-S024D02A7T- 
-S024D02A5T- 
-S024D02A5T- 
-S024D02A5T- 
-S024D02A5T- 
-S024D02A5T- 
-S024C02A5T- 
-S024C02A5T- 
-S024C02A5T- 
-S024C02A4T- 
-S024C02A4T- 
-S024C02A5T- 
-S024B02A4T- 
-S024B02A4T- 
-S024B02A4T- 
-S024B02A4T- 
-S024B02A4T- 
-S024B02A4T- 
-S024B02A4T- 
-S024A02A4T- 
-S024A02A4T- 
-S024A02A4T- 
-S024A02A4T- 
-S024A02A4T- 
-S024A02A4T- 
-S024A02A3T- 
-S024A02A3T- 
-S024A02A3T- 
-S024902A3T- 
-S024902A3T- 
-S024802A3T- 
-S023C02A8T- 
-S022E02A5T- 
-S021E029DT- 
-S02140294T- 
-S0211028ET- 
-S020D0288T- 
-S020A0284T- 
-S02070280T- 
-S020C027CT- 
-S021F027ET- 
-S02310285T- 
-S0240028DT- 
-S024C0295T- 
-S0254029CT- 
-S025902A3T- 
-S025A02A8T- 
-S025802ABT- 
-S025402ACT- 
-S025102ADT- 
-S025002ACT- 
-S025E02AET- 
-S024C02B5T- 
-S01A1029DT- 
-S011E0246T- 
-S011F01CET- 
-S018101ABT- 
-S02590212T- 
-S02AB0277T- 
-S02AF02ABT- 
-S029502BDT- 
-S027902BDT- 
-S026602B9T- 
-S025C02AET- 
-S025602A9T- 
-S025302A7T- 
-S025002A7T- 
-S024B02A6T- 
-S023D02A3T- 
-S0230029CT- 
-S02240296T- 
-S021A028ET- 
-S02110287T- 
-S02090280T- 
-S0208027AT- 
-S02080277T- 
-S02060274T- 
-S02040271T- 
-S0201026ET- 
-S01FC026AT- 
-S01F40266T- 
-S01EB0261T- 
-S01E7025BT- 
-S01EE0258T- 
-S01FC0259T- 
-S0207025ET- 
-S02130263T- 
-S02240269T- 
-S02350273T- 
-S0241027DT- 
-S02490285T- 
-S024A028CT- 
-S024E0291T- 
-S024D0295T- 
-S024B0297T- 
-S024D02A0T- 
-S024F02A5T- 
-S025002A7T- 
-S025402A9T- 
-S025A02ACT- 
-S025D02B0T- 
-S025C02B2T- 
-S025A02B3T- 
-S025802B4T- 
-S025602B4T- 
-S025502B4T- 
-S025302B3T- 
-S025302B3T- 
-S025202B2T- 
-S025202B2T- 
-S025202B2T- 
-S025102B1T- 
-S025102B1T- 
-S025002B1T- 
-S025002B1T- 
-S025002B0T- 
-S025002B0T- 
-S025002B0T- 
-S025002B0T- 
-S024F02B0T- 
-S024F02B0T- 
-S024F02B0T- 
-S024F02AFT- 
-S024F02AFT- 
-S024F02AFT- 
-S024E02AFT- 
-S024E02AFT- 
-S024E02A7T- 
-S024E02A5T- 
-S024E02A5T- 
-S024E02A5T- 
-S024E02A5T- 
-S024D02A5T- 
-S024D02A5T- 
-S024D02A5T- 
-S024D02A5T- 
-S024C02A5T- 
-S024D02A5T- 
-S024C02A5T- 
-S024C02A5T- 
-S024C02A5T- 
-S024C02A5T- 
-S024C02A5T- 
-S024B02A5T- 
-S024B02A5T- 
-S024B02A4T- 
-S024B02A4T- 
-S024B02A4T- 
-S024B02A4T- 
-S024B02A4T- 
-S024B02A3T- 
-S024A02A3T- 
-S024A02A4T- 
-S024A02A4T- 
-S024A02A3T- 
-S024A02A4T- 
-S024A02A4T- 
-S024A02A4T- 
-S024A02AAT- 
-S024902ACT- 
-S024902ACT- 
-S024602ACT- 
-S023A02A9T- 
-S022B02A3T- 
-S021C029BT- 
-S02130292T- 
-S0211028CT- 
-S020D0287T- 
-S020A0283T- 
-S0208027FT- 
-S020F027CT- 
-S0222027FT- 
-S02340286T- 
-S0242028ET- 
-S024E0296T- 
-S0254029ET- 
-S025A02A4T- 
-S025A02A9T- 
-S025702ABT- 
-S025302ACT- 
-S025002ACT- 
-S025102ACT- 
-S026502AFT- 
-S023802B5T- 
-S016E0290T- 
-S011D022ET- 
-S012101BAT- 
-S01B601B9T- 
-S02700227T- 
-S02B00281T- 
-S02AD02A8T- 
-S029202B4T- 
-S027702B4T- 
-S026602B0T- 
-S025C02ACT- 
-S025602AAT- 
-S025302A8T- 
-S025102A7T- 
-S024C02A7T- 
-S023F02A3T- 
-S0232029DT- 
-S02250296T- 
-S021B028FT- 
-S02110287T- 
-S02090280T- 
-S0208027AT- 
-S02080277T- 
-S02060274T- 
-S02040270T- 
-S0200026DT- 
-S01F90269T- 
-S01F10264T- 
-S01E9025FT- 
-S01E80259T- 
-S01F20257T- 
-S0200025AT- 
-S020B025FT- 
-S02180265T- 
-S022A026CT- 
-S023A0276T- 
-S0244027FT- 
-S024A0288T- 
-S024B0294T- 
-S024E029BT- 
-S024C029FT- 
-S024B02A1T- 
-S024E02A3T- 
-S024E02A5T- 
-S025202A7T- 
-S025602AAT- 
-S025C02ADT- 
-S025D02B1T- 
-S025C02B3T- 
-S025902B3T- 
-S025702B3T- 
-S025502B3T- 
-S025402B3T- 
-S025302B3T- 
-S025202B3T- 
-S025202B2T- 
-S025202B2T- 
-S025102B2T- 
-S025102B2T- 
-S025102B1T- 
-S025102B1T- 
-S025002B1T- 
-S025002B1T- 
-S025002B0T- 
-S025002B0T- 
-S024F02B0T- 
-S024F02B0T- 
-S024F02B0T- 
-S024F02B0T- 
-S024F02AFT- 
-S024F02A8T- 
-S024E02A6T- 
-S024E02A6T- 
-S024E02A6T- 
-S024E02A6T- 
-S024E02A6T- 
-S024E02A6T- 
-S024D02A6T- 
-S024E02A6T- 
-S024D02A6T- 
-S024D02A6T- 
-S024D02A5T- 
-S024D02A5T- 
-S024D02A5T- 
-S024C02A5T- 
-S024C02A5T- 
-S024C02A5T- 
-S024C02A5T- 
-S024C02A5T- 
-S024C02A5T- 
-S024C02A5T- 
-S024C02A4T- 
-S024B02A4T- 
-S024B02A4T- 
-S024B02A4T- 
-S024B02A4T- 
-S024B02A4T- 
-S024B02A4T- 
-S024B02A4T- 
-S024A02A4T- 
-S024A02A4T- 
-S024A02ABT- 
-S024A02ADT- 
-S024902ADT- 
-S024A02ACT- 
-S024902ABT- 
-S024902ABT- 
-S024902ABT- 
-S024202AAT- 
-S023502A6T- 
-S022502A0T- 
-S02170297T- 
-S0212028FT- 
-S020F028AT- 
-S020D0285T- 
-S02080281T- 
-S0209027DT- 
-S0216027CT- 
-S02290281T- 
-S023A0289T- 
-S02470291T- 
-S02510299T- 
-S025702A0T- 
-S025B02A6T- 
-S025902A9T- 
-S025602ABT- 
-S025202ACT- 
-S025002ACT- 
-S025502ACT- 
-S026602B2T- 
-S01FE02AFT- 
-S01230273T- 
-S011D0201T- 
-S012E019FT- 
-S020801D3T- 
-S02930242T- 
-S02B4028CT- 
-S02A602ADT- 
-S028802B6T- 
-S027102B4T- 
-S026202B0T- 
-S025A02ACT- 
-S025502AAT- 
-S025202A8T- 
-S025002A7T- 
-S024802A6T- 
-S023B02A2T- 
-S022E029CT- 
-S02220294T- 
-S0218028DT- 
-S02100286T- 
-S0209027FT- 
-S0208027AT- 
-S02080277T- 
-S02050273T- 
-S02040270T- 
-S0200026DT- 
-S01F90269T- 
-S01F00264T- 
-S01E8025ET- 
-S01E90259T- 
-S01F40258T- 
-S0203025BT- 
-S020F0261T- 
-S021C0267T- 
-S02300277T- 
-S023D0283T- 
-S0248028DT- 
-S024A0294T- 
-S024D0299T- 
-S024E029DT- 
-S024B029FT- 
-S024D02A1T- 
-S024E02A4T- 
-S024F02A5T- 
-S025302A8T- 
-S025902ABT- 
-S025D02AFT- 
-S025D02B2T- 
-S025A02B3T- 
-S025802B4T- 
-S025602B4T- 
-S025502B3T- 
-S025402B3T- 
-S025302B2T- 
-S025202B2T- 
-S025202B2T- 
-S025102B2T- 
-S025102B2T- 
-S025102B1T- 
-S025102B1T- 
-S025102B1T- 
-S025002B0T- 
-S025002B0T- 
-S025002B0T- 
-S025002B0T- 
-S025002B0T- 
-S025002A9T- 
-S024F02A7T- 
-S024F02A6T- 
-S024F02A6T- 
-S024F02A6T- 
-S024F02A6T- 
-S024E02A6T- 
-S024E02A6T- 
-S024E02A6T- 
-S024E02A6T- 
-S024D02A6T- 
-S024D02A6T- 
-S024D02A6T- 
-S024D02A5T- 
-S024D02A5T- 
-S024D02A6T- 
-S024D02A5T- 
-S024D02A5T- 
-S024C02A5T- 
-S024C02A5T- 
-S024C02A5T- 
-S024C02A5T- 
-S024C02A5T- 
-S024C02A5T- 
-S024C02A4T- 
-S024B02A4T- 
-S024B02A4T- 
-S024B02A4T- 
-S024B02A4T- 
-S024B02A4T- 
-S024B02A3T- 
-S024A02AAT- 
-S024A02ACT- 
-S024A02ADT- 
-S024A02ACT- 
-S024A02ACT- 
-S024A02ACT- 
-S024902ABT- 
-S024902ABT- 
-S024902ABT- 
-S024902AAT- 
-S024802AAT- 
-S023C02A9T- 
-S022D02A3T- 
-S021E029BT- 
-S02140293T- 
-S0211028CT- 
-S020E0287T- 
-S020A0283T- 
-S0208027FT- 
-S020C027CT- 
-S021F027ET- 
-S02310284T- 
-S0240028CT- 
-S024C0294T- 
-S0253029CT- 
-S025902A2T- 
-S025A02A7T- 
-S025802AAT- 
-S025402ABT- 
-S025102ACT- 
-S025002ABT- 
-S025F02ADT- 
-S024A02AET- 
-S019B0292T- 
-S011D023BT- 
-S012001C2T- 
-S018801A4T- 
-S0259020AT- 
-S02AB026BT- 
-S02B002A0T- 
-S029802B4T- 
-S027C02B6T- 
-S026902B2T- 
-S025E02AET- 
-S025702ABT- 
-S025302A9T- 
-S025102A8T- 
-S024E02A7T- 
-S024202A5T- 
-S0234029FT- 
-S02280299T- 
-S021D0291T- 
-S02140289T- 
-S020C0283T- 
-S0208027CT- 
-S02090278T- 
-S02060275T- 
-S02050272T- 
-S0201026FT- 
-S01FE026CT- 
-S01F70268T- 
-S01EE0262T- 
-S01E8025DT- 
-S01EA0258T- 
-S01F7025FT- 
-S02040265T- 
-S0210026AT- 
-S021D0270T- 
-S02300278T- 
-S023D0282T- 
-S0247028BT- 
-S024A0294T- 
-S024D0299T- 
-S024E029DT- 
-S024B029FT- 
-S024E02A1T- 
-S024F02A4T- 
-S025002A6T- 
-S025502A9T- 
-S025B02ACT- 
-S025E02B0T- 
-S025C02B2T- 
-S025A02B3T- 
-S025702B3T- 
-S025502B3T- 
-S025402B3T- 
-S025302B2T- 
-S025202B2T- 
-S025202B1T- 
-S025202B2T- 
-S025102B1T- 
-S025102B1T- 
-S025102B1T- 
-S025002B1T- 
-S025002B1T- 
-S025002B0T- 
-S025002A9T- 
-S025002A7T- 
-S025002A6T- 
-S025002A7T- 
-S025002A7T- 
-S025002A7T- 
-S024F02A7T- 
-S024F02A7T- 
-S024F02A7T- 
-S024F02A7T- 
-S024E02A6T- 
-S024E02A7T- 
-S024E02A7T- 
-S024E02A6T- 
-S024E02A6T- 
-S024D02A6T- 
-S024D02A6T- 
-S024D02A6T- 
-S024D02A6T- 
-S024D02A6T- 
-S024C02A5T- 
-S024C02A6T- 
-S024C02A6T- 
-S024C02A6T- 
-S024C02A5T- 
-S024B02A4T- 
-S024A02A5T- 
-S024A02A4T- 
-S024A02A4T- 
-S024A02A4T- 
-S024A02A4T- 
-S024A02AAT- 
-S024A02ADT- 
-S024902ADT- 
-S024902ACT- 
-S024902ACT- 
-S024902ABT- 
-S024902ABT- 
-S024102AAT- 
-S023302A6T- 
-S0224029FT- 
-S02160297T- 
-S0212028FT- 
-S020F028AT- 
-S020C0285T- 
-S02080281T- 
-S0209027DT- 
-S0217027DT- 
-S022B0282T- 
-S023B028AT- 
-S02480292T- 
-S0251029AT- 
-S025702A0T- 
-S025A02A6T- 
-S025902AAT- 
-S025502ACT- 
-S025202ACT- 
-S024F02ACT- 
-S025602ADT- 
-S026302B3T- 
-S01EB02ACT- 
-S0121026AT- 
-S011D01F5T- 
-S0139019DT- 
-S021D01DFT- 
-S029A024CT- 
-S02B40292T- 
-S02A302AFT- 
-S028502B6T- 
-S026E02B3T- 
-S026002AET- 
-S025802ABT- 
-S025402A9T- 
-S025202A8T- 
-S025002A7T- 
-S024702A6T- 
-S023902A1T- 
-S022C029BT- 
-S02210294T- 
-S0217028DT- 
-S020F0286T- 
-S0208027FT- 
-S02090279T- 
-S02070276T- 
-S02060273T- 
-S02030270T- 
-S0200026DT- 
-S01F9026AT- 
-S01F10265T- 
-S01E9025FT- 
-S01E8025AT- 
-S01F20258T- 
-S0200025BT- 
-S020B025FT- 
-S02170265T- 
-S022A0273T- 
-S0239027FT- 
-S02440288T- 
-S024A0291T- 
-S024B0296T- 
-S024E029BT- 
-S024D029ET- 
-S024B02A0T- 
-S024E02A2T- 
-S024E02A5T- 
-S025102A7T- 
-S025602A9T- 
-S025C02ADT- 
-S025D02B1T- 
-S025C02B3T- 
-S025902B4T- 
-S025702B3T- 
-S025502B3T- 
-S025402B3T- 
-S025302B2T- 
-S025302B2T- 
-S025202B2T- 
-S025102B2T- 
-S025102B1T- 
-S025102B1T- 
-S025102B1T- 
-S025102B1T- 
-S025002B0T- 
-S025002B0T- 
-S025002B0T- 
-S025002B0T- 
-S025002B0T- 
-S024F02A9T- 
-S024F02A7T- 
-S024F02A6T- 
-S024F02A6T- 
-S024F02A6T- 
-S024E02A6T- 
-S024E02A7T- 
-S024E02A6T- 
-S024E02A6T- 
-S024E02A6T- 
-S024E02A6T- 
-S024D02A6T- 
-S024D02A6T- 
-S024D02A6T- 
-S024D02A6T- 
-S024D02A5T- 
-S024D02A5T- 
-S024C02A5T- 
-S024C02A5T- 
-S024C02A5T- 
-S024C02A5T- 
-S024C02A4T- 
-S024C02A5T- 
-S024B02A4T- 
-S024B02A4T- 
-S024B02A4T- 
-S024B02A5T- 
-S024B02A4T- 
-S024B02A4T- 
-S024B02A4T- 
-S024A02A4T- 
-S024A02ABT- 
-S024A02ADT- 
-S024A02ADT- 
-S024A02ADT- 
-S024A02ACT- 
-S024A02ACT- 
-S024902ABT- 
-S024A02ABT- 
-S024902ABT- 
-S024902ABT- 
-S024702ABT- 
-S023C02A8T- 
-S022D02A3T- 
-S021E029BT- 
-S02140293T- 
-S0211028CT- 
-S020E0287T- 
-S020A0283T- 
-S0207027FT- 
-S020D027CT- 
-S021F027DT- 
-S02320284T- 
-S0240028CT- 
-S024C0295T- 
-S0254029CT- 
-S025902A2T- 
-S025A02A7T- 
-S025802AAT- 
-S025402ACT- 
-S025102ACT- 
-S025002ACT- 
-S025F02ADT- 
-S024A02AET- 
-S019A0292T- 
-S011D023AT- 
-S011F01C1T- 
-S018A01A4T- 
-S025A020BT- 
-S02AB026CT- 
-S02B002A0T- 
-S029802B4T- 
-S027B02B5T- 
-S026902B1T- 
-S025D02ADT- 
-S025702AAT- 
-S025302A9T- 
-S025102A8T- 
-S024F02A8T- 
-S024202A5T- 
-S0234029FT- 
-S02280298T- 
-S021D0291T- 
-S0214028AT- 
-S020C0283T- 
-S0208027DT- 
-S02090278T- 
-S02060275T- 
-S02050272T- 
-S0202026FT- 
-S01FE026CT- 
-S01F70268T- 
-S01EE0263T- 
-S01E8025DT- 
-S01EA0259T- 
-S01F6025FT- 
-S02040265T- 
-S020F026AT- 
-S021C0270T- 
-S022F0278T- 
-S023D0281T- 
-S0247028BT- 
-S024A0292T- 
-S024C0297T- 
-S024E029CT- 
-S024C029FT- 
-S024C02A0T- 
-S024F02A2T- 
-S024E02A5T- 
-S025302A7T- 
-S025802AAT- 
-S025D02AET- 
-S025D02B1T- 
-S025B02B3T- 
-S025902B4T- 
-S025702B3T- 
-S025502B3T- 
-S025402B3T- 
-S025302B2T- 
-S025302B2T- 
-S025202B2T- 
-S025202B1T- 
-S025102B1T- 
-S025102B1T- 
-S025102B1T- 
-S025102B1T- 
-S025002B0T- 
-S025002A9T- 
-S025002A7T- 
-S025002A7T- 
-S025002A7T- 
-S024F02A7T- 
-S024F02A7T- 
-S024F02A7T- 
-S024F02A7T- 
-S024F02A7T- 
-S024E02A6T- 
-S024E02A7T- 
-S024E02A7T- 
-S024E02A6T- 
-S024E02A6T- 
-S024E02A6T- 
-S024E02A6T- 
-S024D02A6T- 
-S024D02A6T- 
-S024D02A6T- 
-S024D02A6T- 
-S024C02A5T- 
-S024C02A5T- 
-S024C02A5T- 
-S024C02A5T- 
-S024C02A5T- 
-S024C02A5T- 
-S024C02A5T- 
-S024B02A4T- 
-S024C02A5T- 
-S024C02A5T- 
-S024B02A5T- 
-S024B02ABT- 
-S024B02AET- 
-S024B02AET- 
-S024B02ADT- 
-S024A02ADT- 
-S024A02ACT- 
-S024A02ACT- 
-S024A02ACT- 
-S024A02ABT- 
-S024A02ABT- 
-S024A02ABT- 
-S024902ABT- 
-S024902AAT- 
-S024902AAT- 
-S024402AAT- 
-S023702A7T- 
-S022702A0T- 
-S02190298T- 
-S02120290T- 
-S0210028AT- 
-S020D0285T- 
-S02090281T- 
-S0208027DT- 
-S0213027BT- 
-S02270280T- 
-S02380287T- 
-S02450290T- 
-S02500298T- 
-S0256029FT- 
-S025A02A4T- 
-S025A02A9T- 
-S025702ABT- 
-S025302A5T- 
-S025002A3T- 
-S025302A3T- 
-S026802A7T- 
-S021902A9T- 
-S013C0278T- 
-S011C020DT- 
-S012501A4T- 
-S01E701C4T- 
-S02860235T- 
-S02B30285T- 
-S02A902ABT- 
-S028C02B6T- 
-S027402B5T- 
-S026402B0T- 
-S025B02ACT- 
-S025502AAT- 
-S025202A9T- 
-S025102A8T- 
-S024B02A7T- 
-S023D02A3T- 
-S0230029DT- 
-S02240296T- 
-S021A028FT- 
-S02110288T- 
-S020A0281T- 
-S0208027BT- 
-S02080278T- 
-S02050274T- 
-S02040271T- 
-S0201026ET- 
-S01FC026BT- 
-S01F4026DT- 
-S01EB026AT- 
-S01E70265T- 
-S01EE0261T- 
-S01FC0262T- 
-S02080266T- 
-S0213026BT- 
-S02240272T- 
-S0235027BT- 
-S02410285T- 
-S0249028ET- 
-S024A0294T- 
-S024E0299T- 
-S024D029DT- 
-S024B029FT- 
-S024D02A1T- 
-S024F02A4T- 
-S025002A5T- 
-S025402A8T- 
-S025A02ABT- 
-S025E02AFT- 
-S025D02B2T- 
-S025A02B3T- 
-S025802B3T- 
-S025602B3T- 
-S025402B3T- 
-S025402B3T- 
-S025302B2T- 
-S025202B2T- 
-S025202B2T- 
-S025102B2T- 
-S025102B1T- 
-S025102AAT- 
-S025102A8T- 
-S025102A7T- 
-S025002A8T- 
-S025002A8T- 
-S025002A8T- 
-S025002A7T- 
-S025002A7T- 
-S024F02A7T- 
-S024F02A8T- 
-S024F02A7T- 
-S024F02A7T- 
-S024F02A7T- 
-S024F02A7T- 
-S024E02A7T- 
-S024E02A7T- 
-S024E02A7T- 
-S024E02A7T- 
-S024E02A6T- 
-S024E02A6T- 
-S024D02A6T- 
-S024D02A6T- 
-S024D02A6T- 
-S024D02A5T- 
-S024C02A5T- 
-S024C02A5T- 
-S024C02A5T- 
-S024C02A5T- 
-S024C02A5T- 
-S024C02A5T- 
-S024B02A5T- 
-S024B02ACT- 
-S024B02AET- 
-S024B02AET- 
-S024B02ADT- 
-S024B02ADT- 
-S024A02ACT- 
-S024B02ACT- 
-S024A02ACT- 
-S024A02ACT- 
-S024A02ACT- 
-S024A02ACT- 
-S024A02ACT- 
-S024A02ABT- 
-S024902ABT- 
-S024902ABT- 
-S024902ABT- 
-S024902ABT- 
-S024902ABT- 
-S024202AAT- 
-S023402A6T- 
-S0225029FT- 
-S02170296T- 
-S0212028FT- 
-S020F0289T- 
-S020C0285T- 
-S02080281T- 
-S0209027DT- 
-S0216027CT- 
-S022A0281T- 
-S023A0289T- 
-S02470291T- 
-S02510299T- 
-S02570298T- 
-S025B029CT- 
-S025902A0T- 
-S025602A2T- 
-S025202A3T- 
-S025002A4T- 
-S025502A4T- 
-S026502AAT- 
-S01F902A6T- 
-S01220269T- 
-S011D01F7T- 
-S0130019ET- 
-S020D01D7T- 
-S02940246T- 
-S02B3028FT- 
-S02A502AET- 
-S028702B7T- 
-S027002B4T- 
-S026202AFT- 
-S025A02ACT- 
-S025502AAT- 
-S025202A9T- 
-S025002A8T- 
-S024802A7T- 
-S023A02A3T- 
-S022E029CT- 
-S02220294T- 
-S0218028DT- 
-S020F0286T- 
-S02080280T- 
-S0208027AT- 
-S02070277T- 
-S0205027BT- 
-S0203027AT- 
-S02000277T- 
-S01FA0273T- 
-S01F2026ET- 
-S01EA0268T- 
-S01E70263T- 
-S01F00260T- 
-S01FE0262T- 
-S020A0267T- 
-S0216026CT- 
-S02270273T- 
-S0237027DT- 
-S02430286T- 
-S024A028FT- 
-S024B0294T- 
-S024E0299T- 
-S024D029DT- 
-S024B029FT- 
-S024E02A2T- 
-S024E02A4T- 
-S025102A6T- 
-S025502A9T- 
-S025B02ACT- 
-S025D02B0T- 
-S025C02B2T- 
-S025A02B3T- 
-S025702B3T- 
-S025602B3T- 
-S025402B3T- 
-S025302B2T- 
-S025302B2T- 
-S025202ABT- 
-S025202A8T- 
-S025202A8T- 
-S025102A8T- 
-S025102A8T- 
-S025102A8T- 
-S025102A8T- 
-S025002A8T- 
-S025002A8T- 
-S025002A8T- 
-S025002A8T- 
-S025002A8T- 
-S025002A7T- 
-S024F02A7T- 
-S024F02A7T- 
-S024F02A7T- 
-S024F02A7T- 
-S024F02A7T- 
-S024E02A7T- 
-S024E02A7T- 
-S024E02A6T- 
-S024E02A6T- 
-S024D02A6T- 
-S024E02A6T- 
-S024D02A6T- 
-S024D02A6T- 
-S024D02A6T- 
-S024C02A6T- 
-S024D02A6T- 
-S024D02A5T- 
-S024C02A5T- 
-S024C02ACT- 
-S024C02AFT- 
-S024C02AET- 
-S024C02AET- 
-S024B02AET- 
-S024B02ADT- 
-S024B02ADT- 
-S024B02ADT- 
-S024B02ACT- 
-S024B02ACT- 
-S024A02ACT- 
-S024A02ACT- 
-S024A02ABT- 
-S024A02ACT- 
-S024A02ACT- 
-S024A02ABT- 
-S024A02ABT- 
-S024A02ABT- 
-S024902AAT- 
-S024902AAT- 
-S024902ABT- 
-S024702ABT- 
-S023C02A8T- 
-S022D02A3T- 
-S021E029BT- 
-S02140292T- 
-S0211028CT- 
-S020E0287T- 
-S020A0283T- 
-S0208027FT- 
-S020D027CT- 
-S0220027ET- 
-S0232027ET- 
-S02410284T- 
-S024D028CT- 
-S02540293T- 
-S025A029AT- 
-S025A029FT- 
-S025802A2T- 
-S025402A4T- 
-S025102A4T- 
-S025002A4T- 
-S026102A6T- 
-S024602ADT- 
-S018F0291T- 
-S011D0232T- 
-S012001BBT- 
-S019F01AAT- 
-S02650214T- 
-S02AD0272T- 
-S02AF02A3T- 
-S029502B5T- 
-S027A02B6T- 
-S026802B1T- 
-S025D02ADT- 
-S025702ABT- 
-S025302A9T- 
-S025102A8T- 
-S024E02A7T- 
-S024102A5T- 
-S0233029FT- 
-S02270299T- 
-S021D0291T- 
-S0213028AT- 
-S020B028AT- 
-S02080286T- 
-S02090282T- 
-S0206027ET- 
-S0205027BT- 
-S02020278T- 
-S01FD0274T- 
-S01F60270T- 
-S01ED026BT- 
-S01E70265T- 
-S01EB0261T- 
-S01F70261T- 
-S02040265T- 
-S02100269T- 
-S021E026FT- 
-S02300278T- 
-S023D0281T- 
-S0247028BT- 
-S024A0292T- 
-S024C0297T- 
-S024E029BT- 
-S024C029ET- 
-S024C02A0T- 
-S024E02A3T- 
-S024E02A4T- 
-S025302A7T- 
-S025902AAT- 
-S025D02AET- 
-S025D02B1T- 
-S025B02B2T- 
-S025802B3T- 
-S025602B3T- 
-S025502ACT- 
-S025402A9T- 
-S025302A9T- 
-S025302A9T- 
-S025202A9T- 
-S025202A9T- 
-S025102A9T- 
-S025102A9T- 
-S025102A9T- 
-S025102A9T- 
-S025002A8T- 
-S025002A8T- 
-S025002A8T- 
-S025002A8T- 
-S025002A8T- 
-S025002A8T- 
-S024F02A7T- 
-S024F02A7T- 
-S024F02A7T- 
-S024F02A7T- 
-S024F02A7T- 
-S024F02A7T- 
-S024E02A7T- 
-S024E02A7T- 
-S024E02A7T- 
-S024E02A7T- 
-S024D02A7T- 
-S024D02A6T- 
-S024D02A6T- 
-S024D02A6T- 
-S024D02A6T- 
-S024D02ADT- 
closed fd - 0 
closed write_fd - 0 
Missed Count - 0 
